#
# There is insufficient memory for the Java Runtime Environment to continue.
# Native memory allocation (malloc) failed to allocate 32744 bytes for ChunkPool::allocate
# Possible reasons:
#   The system is out of physical RAM or swap space
#   The process is running with CompressedOops enabled, and the Java Heap may be blocking the growth of the native heap
# Possible solutions:
#   Reduce memory load on the system
#   Increase physical memory or swap space
#   Check if swap backing store is full
#   Decrease Java heap size (-Xmx/-Xms)
#   Decrease number of Java threads
#   Decrease Java thread stack sizes (-Xss)
#   Set larger code cache with -XX:ReservedCodeCacheSize=
#   JVM is running with Unscaled Compressed Oops mode in which the Java heap is
#     placed in the first 4GB address space. The Java Heap base address is the
#     maximum limit for the native heap growth. Please use -XX:HeapBaseMinAddress
#     to set the Java Heap base and to place the Java Heap above 4GB virtual address.
# This output file may be truncated or incomplete.
#
#  Out of Memory Error (t:/workspace/open/src/hotspot/share/memory/arena.cpp:81), pid=9320, tid=8820
#
# JRE version: Java(TM) SE Runtime Environment (11.0.2+9) (build 11.0.2+9-LTS)
# Java VM: Java HotSpot(TM) 64-Bit Server VM (11.0.2+9-LTS, mixed mode, tiered, compressed oops, g1 gc, windows-amd64)
# No core dump will be written. Minidumps are not enabled by default on client versions of Windows
#

---------------  S U M M A R Y ------------

Command Line: -javaagent:D:\New folder\IntelliJ IDEA Community Edition 2018.3.5\lib\idea_rt.jar=50917:D:\New folder\IntelliJ IDEA Community Edition 2018.3.5\bin -Dfile.encoding=UTF-8 main

Host: Intel(R) Core(TM) i3-4005U CPU @ 1.70GHz, 4 cores, 3G,  Windows 10 , 64 bit Build 17134 (10.0.17134.753)
Time: Tue Jul 30 11:26:04 2019 GTB Daylight Time elapsed time: 6 seconds (0d 0h 0m 6s)

---------------  T H R E A D  ---------------

Current thread (0x000001fdf9f8a800):  JavaThread "C1 CompilerThread0" daemon [_thread_in_native, id=8820, stack(0x0000001280500000,0x0000001280600000)]


Current CompileTask:
C1:   6755 2450       3       net.bytebuddy.description.type.TypeDescription$Generic$LazyProjection$OfMethodParameter::asErasure (13 bytes)

Stack: [0x0000001280500000,0x0000001280600000]
Native frames: (J=compiled Java code, j=interpreted, Vv=VM code, C=native code)
V  [jvm.dll+0x63574a]
V  [jvm.dll+0x77326f]
V  [jvm.dll+0x77491a]
V  [jvm.dll+0x774fd3]
V  [jvm.dll+0x25e418]
V  [jvm.dll+0xc237b]
V  [jvm.dll+0xc26dc]
V  [jvm.dll+0x17074c]
V  [jvm.dll+0x15c37e]
V  [jvm.dll+0x147520]
V  [jvm.dll+0x12cda9]
V  [jvm.dll+0x12c6a9]
V  [jvm.dll+0x12c8df]
V  [jvm.dll+0x12ba57]
V  [jvm.dll+0x12daf7]
V  [jvm.dll+0x2263af]
V  [jvm.dll+0x2249b8]
V  [jvm.dll+0x738a9d]
V  [jvm.dll+0x6347f2]
C  [ucrtbase.dll+0x1e3fe]
C  [KERNEL32.DLL+0x14034]
C  [ntdll.dll+0x73691]


---------------  P R O C E S S  ---------------

Threads class SMR info:
_java_thread_list=0x000001fdfb618c40, length=14, elements={
0x000001fddba87800, 0x000001fdf9f13800, 0x000001fdf9f1d800, 0x000001fdf9f81800,
0x000001fdf9f82000, 0x000001fdf9f87800, 0x000001fdf9f8a800, 0x000001fdf9f34000,
0x000001fdf9ea9000, 0x000001fdfa492800, 0x000001fdfa493800, 0x000001fdfb734000,
0x000001fdfb99e000, 0x000001fdfbd6d800
}

Java Threads: ( => current thread )
  0x000001fddba87800 JavaThread "main" [_thread_in_vm, id=8912, stack(0x00000012ff900000,0x00000012ffa00000)]
  0x000001fdf9f13800 JavaThread "Reference Handler" daemon [_thread_blocked, id=5124, stack(0x0000001280000000,0x0000001280100000)]
  0x000001fdf9f1d800 JavaThread "Finalizer" daemon [_thread_blocked, id=11052, stack(0x0000001280100000,0x0000001280200000)]
  0x000001fdf9f81800 JavaThread "Signal Dispatcher" daemon [_thread_blocked, id=1768, stack(0x0000001280200000,0x0000001280300000)]
  0x000001fdf9f82000 JavaThread "Attach Listener" daemon [_thread_blocked, id=5648, stack(0x0000001280300000,0x0000001280400000)]
  0x000001fdf9f87800 JavaThread "C2 CompilerThread0" daemon [_thread_in_native, id=10796, stack(0x0000001280400000,0x0000001280500000)]
=>0x000001fdf9f8a800 JavaThread "C1 CompilerThread0" daemon [_thread_in_native, id=8820, stack(0x0000001280500000,0x0000001280600000)]
  0x000001fdf9f34000 JavaThread "Sweeper thread" daemon [_thread_blocked, id=8092, stack(0x0000001280600000,0x0000001280700000)]
  0x000001fdf9ea9000 JavaThread "Common-Cleaner" daemon [_thread_blocked, id=1816, stack(0x0000001280700000,0x0000001280800000)]
  0x000001fdfa492800 JavaThread "Monitor Ctrl-Break" daemon [_thread_in_native, id=3920, stack(0x0000001280800000,0x0000001280900000)]
  0x000001fdfa493800 JavaThread "Service Thread" daemon [_thread_blocked, id=5572, stack(0x0000001280900000,0x0000001280a00000)]
  0x000001fdfb734000 JavaThread "mysql-cj-abandoned-connection-cleanup" daemon [_thread_blocked, id=5620, stack(0x0000001280e00000,0x0000001280f00000)]
  0x000001fdfb99e000 JavaThread "C2 CompilerThread1" daemon [_thread_in_native, id=11132, stack(0x0000001280d00000,0x0000001280e00000)]
  0x000001fdfbd6d800 JavaThread "Hibernate Connection Pool Validation Thread" daemon [_thread_blocked, id=10192, stack(0x0000001280f00000,0x0000001281000000)]

Other Threads:
  0x000001fdf9eec800 VMThread "VM Thread" [stack: 0x00000012fff00000,0x0000001300000000] [id=9444]
  0x000001fdfa504800 WatcherThread [stack: 0x0000001280a00000,0x0000001280b00000] [id=2180]
  0x000001fddba9e000 GCTaskThread "GC Thread#0" [stack: 0x00000012ffa00000,0x00000012ffb00000] [id=9764]
  0x000001fdfa54b000 GCTaskThread "GC Thread#1" [stack: 0x0000001280b00000,0x0000001280c00000] [id=9864]
  0x000001fddbabc800 ConcurrentGCThread "G1 Main Marker" [stack: 0x00000012ffb00000,0x00000012ffc00000] [id=10632]
  0x000001fddbabe800 ConcurrentGCThread "G1 Conc#0" [stack: 0x00000012ffc00000,0x00000012ffd00000] [id=6984]
  0x000001fddbb13800 ConcurrentGCThread "G1 Refine#0" [stack: 0x00000012ffd00000,0x00000012ffe00000] [id=11212]
  0x000001fdfaa9a800 ConcurrentGCThread "G1 Refine#1" [stack: 0x0000001280c00000,0x0000001280d00000] [id=10884]
  0x000001fddbb14800 ConcurrentGCThread "G1 Young RemSet Sampling" [stack: 0x00000012ffe00000,0x00000012fff00000] [id=7008]

Threads with active compile tasks:
C2 CompilerThread02449       4       java.net.URLStreamHandler::parseURL (1201 bytes)
C1 CompilerThread02450       3       net.bytebuddy.description.type.TypeDescription$Generic$LazyProjection$OfMethodParameter::asErasure (13 bytes)
C2 CompilerThread12285   !   4       jdk.internal.loader.BuiltinClassLoader::loadClassOrNull (143 bytes)

VM state:not at safepoint (normal execution)

VM Mutex/Monitor currently owned by a thread: None

Heap address: 0x00000000c1200000, size: 1006 MB, Compressed Oops mode: 32-bit
Narrow klass base: 0x0000000000000000, Narrow klass shift: 3
Compressed class space size: 1073741824 Address: 0x0000000100000000

Heap:
 garbage-first heap   total 78848K, used 33202K [0x00000000c1200000, 0x0000000100000000)
  region size 1024K, 26 young (26624K), 6 survivors (6144K)
 Metaspace       used 41198K, capacity 41586K, committed 41856K, reserved 1085440K
  class space    used 5051K, capacity 5203K, committed 5248K, reserved 1048576K
Heap Regions: E=young(eden), S=young(survivor), O=old, HS=humongous(starts), HC=humongous(continues), CS=collection set, F=free, A=archive, TAMS=top-at-mark-start (previous, next)
|   0|0x00000000c1200000, 0x00000000c1300000, 0x00000000c1300000|100%|HS|  |TAMS 0x00000000c1300000, 0x00000000c1200000| Complete 
|   1|0x00000000c1300000, 0x00000000c1400000, 0x00000000c1400000|100%|HS|  |TAMS 0x00000000c1400000, 0x00000000c1300000| Complete 
|   2|0x00000000c1400000, 0x00000000c1500000, 0x00000000c1500000|100%| O|  |TAMS 0x00000000c1500000, 0x00000000c1400000| Untracked 
|   3|0x00000000c1500000, 0x00000000c1600000, 0x00000000c1600000|100%| O|  |TAMS 0x00000000c1600000, 0x00000000c1500000| Untracked 
|   4|0x00000000c1600000, 0x00000000c1700000, 0x00000000c1700000|100%| O|  |TAMS 0x00000000c1700000, 0x00000000c1600000| Untracked 
|   5|0x00000000c1700000, 0x00000000c1800000, 0x00000000c1800000|100%| O|  |TAMS 0x00000000c1800000, 0x00000000c1700000| Untracked 
|   6|0x00000000c1800000, 0x00000000c1900000, 0x00000000c1900000|100%| O|  |TAMS 0x00000000c1900000, 0x00000000c1800000| Untracked 
|   7|0x00000000c1900000, 0x00000000c196ca00, 0x00000000c1a00000| 42%| O|  |TAMS 0x00000000c196ca00, 0x00000000c1900000| Untracked 
|   8|0x00000000c1a00000, 0x00000000c1a00000, 0x00000000c1b00000|  0%| F|  |TAMS 0x00000000c1a00000, 0x00000000c1a00000| Untracked 
|   9|0x00000000c1b00000, 0x00000000c1b00000, 0x00000000c1c00000|  0%| F|  |TAMS 0x00000000c1b00000, 0x00000000c1b00000| Untracked 
|  10|0x00000000c1c00000, 0x00000000c1c00000, 0x00000000c1d00000|  0%| F|  |TAMS 0x00000000c1c00000, 0x00000000c1c00000| Untracked 
|  11|0x00000000c1d00000, 0x00000000c1d00000, 0x00000000c1e00000|  0%| F|  |TAMS 0x00000000c1d00000, 0x00000000c1d00000| Untracked 
|  12|0x00000000c1e00000, 0x00000000c1e00000, 0x00000000c1f00000|  0%| F|  |TAMS 0x00000000c1e00000, 0x00000000c1e00000| Untracked 
|  13|0x00000000c1f00000, 0x00000000c1f00000, 0x00000000c2000000|  0%| F|  |TAMS 0x00000000c1f00000, 0x00000000c1f00000| Untracked 
|  14|0x00000000c2000000, 0x00000000c2000000, 0x00000000c2100000|  0%| F|  |TAMS 0x00000000c2000000, 0x00000000c2000000| Untracked 
|  15|0x00000000c2100000, 0x00000000c2100000, 0x00000000c2200000|  0%| F|  |TAMS 0x00000000c2100000, 0x00000000c2100000| Untracked 
|  16|0x00000000c2200000, 0x00000000c2200000, 0x00000000c2300000|  0%| F|  |TAMS 0x00000000c2200000, 0x00000000c2200000| Untracked 
|  17|0x00000000c2300000, 0x00000000c2300000, 0x00000000c2400000|  0%| F|  |TAMS 0x00000000c2300000, 0x00000000c2300000| Untracked 
|  18|0x00000000c2400000, 0x00000000c2400000, 0x00000000c2500000|  0%| F|  |TAMS 0x00000000c2400000, 0x00000000c2400000| Untracked 
|  19|0x00000000c2500000, 0x00000000c2500000, 0x00000000c2600000|  0%| F|  |TAMS 0x00000000c2500000, 0x00000000c2500000| Untracked 
|  20|0x00000000c2600000, 0x00000000c2600000, 0x00000000c2700000|  0%| F|  |TAMS 0x00000000c2600000, 0x00000000c2600000| Untracked 
|  21|0x00000000c2700000, 0x00000000c2700000, 0x00000000c2800000|  0%| F|  |TAMS 0x00000000c2700000, 0x00000000c2700000| Untracked 
|  22|0x00000000c2800000, 0x00000000c2800000, 0x00000000c2900000|  0%| F|  |TAMS 0x00000000c2800000, 0x00000000c2800000| Untracked 
|  23|0x00000000c2900000, 0x00000000c2900000, 0x00000000c2a00000|  0%| F|  |TAMS 0x00000000c2900000, 0x00000000c2900000| Untracked 
|  24|0x00000000c2a00000, 0x00000000c2a00000, 0x00000000c2b00000|  0%| F|  |TAMS 0x00000000c2a00000, 0x00000000c2a00000| Untracked 
|  25|0x00000000c2b00000, 0x00000000c2b00000, 0x00000000c2c00000|  0%| F|  |TAMS 0x00000000c2b00000, 0x00000000c2b00000| Untracked 
|  26|0x00000000c2c00000, 0x00000000c2c00000, 0x00000000c2d00000|  0%| F|  |TAMS 0x00000000c2c00000, 0x00000000c2c00000| Untracked 
|  27|0x00000000c2d00000, 0x00000000c2d00000, 0x00000000c2e00000|  0%| F|  |TAMS 0x00000000c2d00000, 0x00000000c2d00000| Untracked 
|  28|0x00000000c2e00000, 0x00000000c2e00000, 0x00000000c2f00000|  0%| F|  |TAMS 0x00000000c2e00000, 0x00000000c2e00000| Untracked 
|  29|0x00000000c2f00000, 0x00000000c2f00000, 0x00000000c3000000|  0%| F|  |TAMS 0x00000000c2f00000, 0x00000000c2f00000| Untracked 
|  30|0x00000000c3000000, 0x00000000c3100000, 0x00000000c3100000|100%| S|CS|TAMS 0x00000000c3000000, 0x00000000c3000000| Complete 
|  31|0x00000000c3100000, 0x00000000c3200000, 0x00000000c3200000|100%| S|CS|TAMS 0x00000000c3100000, 0x00000000c3100000| Complete 
|  32|0x00000000c3200000, 0x00000000c3300000, 0x00000000c3300000|100%| S|CS|TAMS 0x00000000c3200000, 0x00000000c3200000| Complete 
|  33|0x00000000c3300000, 0x00000000c3400000, 0x00000000c3400000|100%| S|CS|TAMS 0x00000000c3300000, 0x00000000c3300000| Complete 
|  34|0x00000000c3400000, 0x00000000c3500000, 0x00000000c3500000|100%| S|CS|TAMS 0x00000000c3400000, 0x00000000c3400000| Complete 
|  35|0x00000000c3500000, 0x00000000c3600000, 0x00000000c3600000|100%| S|CS|TAMS 0x00000000c3500000, 0x00000000c3500000| Complete 
|  36|0x00000000c3600000, 0x00000000c3600000, 0x00000000c3700000|  0%| F|  |TAMS 0x00000000c3600000, 0x00000000c3600000| Untracked 
|  37|0x00000000c3700000, 0x00000000c3700000, 0x00000000c3800000|  0%| F|  |TAMS 0x00000000c3700000, 0x00000000c3700000| Untracked 
|  38|0x00000000c3800000, 0x00000000c3800000, 0x00000000c3900000|  0%| F|  |TAMS 0x00000000c3800000, 0x00000000c3800000| Untracked 
|  39|0x00000000c3900000, 0x00000000c3900000, 0x00000000c3a00000|  0%| F|  |TAMS 0x00000000c3900000, 0x00000000c3900000| Untracked 
|  40|0x00000000c3a00000, 0x00000000c3a00000, 0x00000000c3b00000|  0%| F|  |TAMS 0x00000000c3a00000, 0x00000000c3a00000| Untracked 
|  41|0x00000000c3b00000, 0x00000000c3b00000, 0x00000000c3c00000|  0%| F|  |TAMS 0x00000000c3b00000, 0x00000000c3b00000| Untracked 
|  42|0x00000000c3c00000, 0x00000000c3c00000, 0x00000000c3d00000|  0%| F|  |TAMS 0x00000000c3c00000, 0x00000000c3c00000| Untracked 
|  43|0x00000000c3d00000, 0x00000000c3d00000, 0x00000000c3e00000|  0%| F|  |TAMS 0x00000000c3d00000, 0x00000000c3d00000| Untracked 
|  44|0x00000000c3e00000, 0x00000000c3e00000, 0x00000000c3f00000|  0%| F|  |TAMS 0x00000000c3e00000, 0x00000000c3e00000| Untracked 
|  45|0x00000000c3f00000, 0x00000000c3f00000, 0x00000000c4000000|  0%| F|  |TAMS 0x00000000c3f00000, 0x00000000c3f00000| Untracked 
|  46|0x00000000c4000000, 0x00000000c4000000, 0x00000000c4100000|  0%| F|  |TAMS 0x00000000c4000000, 0x00000000c4000000| Untracked 
|  47|0x00000000c4100000, 0x00000000c4100000, 0x00000000c4200000|  0%| F|  |TAMS 0x00000000c4100000, 0x00000000c4100000| Untracked 
|  48|0x00000000c4200000, 0x00000000c4200000, 0x00000000c4300000|  0%| F|  |TAMS 0x00000000c4200000, 0x00000000c4200000| Untracked 
|  49|0x00000000c4300000, 0x00000000c4300000, 0x00000000c4400000|  0%| F|  |TAMS 0x00000000c4300000, 0x00000000c4300000| Untracked 
|  50|0x00000000c4400000, 0x00000000c4400000, 0x00000000c4500000|  0%| F|  |TAMS 0x00000000c4400000, 0x00000000c4400000| Untracked 
|  51|0x00000000c4500000, 0x00000000c4500000, 0x00000000c4600000|  0%| F|  |TAMS 0x00000000c4500000, 0x00000000c4500000| Untracked 
|  52|0x00000000c4600000, 0x00000000c4600000, 0x00000000c4700000|  0%| F|  |TAMS 0x00000000c4600000, 0x00000000c4600000| Untracked 
|  53|0x00000000c4700000, 0x00000000c4700000, 0x00000000c4800000|  0%| F|  |TAMS 0x00000000c4700000, 0x00000000c4700000| Untracked 
|  54|0x00000000c4800000, 0x00000000c4800000, 0x00000000c4900000|  0%| F|  |TAMS 0x00000000c4800000, 0x00000000c4800000| Untracked 
|  55|0x00000000c4900000, 0x00000000c4900000, 0x00000000c4a00000|  0%| F|  |TAMS 0x00000000c4900000, 0x00000000c4900000| Untracked 
|  56|0x00000000c4a00000, 0x00000000c4a00000, 0x00000000c4b00000|  0%| F|  |TAMS 0x00000000c4a00000, 0x00000000c4a00000| Untracked 
|  57|0x00000000c4b00000, 0x00000000c4c00000, 0x00000000c4c00000|100%| E|  |TAMS 0x00000000c4b00000, 0x00000000c4b00000| Complete 
|  58|0x00000000c4c00000, 0x00000000c4d00000, 0x00000000c4d00000|100%| E|CS|TAMS 0x00000000c4c00000, 0x00000000c4c00000| Complete 
|  59|0x00000000c4d00000, 0x00000000c4e00000, 0x00000000c4e00000|100%| E|CS|TAMS 0x00000000c4d00000, 0x00000000c4d00000| Complete 
|  60|0x00000000c4e00000, 0x00000000c4f00000, 0x00000000c4f00000|100%| E|CS|TAMS 0x00000000c4e00000, 0x00000000c4e00000| Complete 
|  61|0x00000000c4f00000, 0x00000000c5000000, 0x00000000c5000000|100%| E|CS|TAMS 0x00000000c4f00000, 0x00000000c4f00000| Complete 
|  62|0x00000000c5000000, 0x00000000c5100000, 0x00000000c5100000|100%| E|CS|TAMS 0x00000000c5000000, 0x00000000c5000000| Complete 
|  63|0x00000000c5100000, 0x00000000c5200000, 0x00000000c5200000|100%| E|CS|TAMS 0x00000000c5100000, 0x00000000c5100000| Complete 
|  64|0x00000000c5200000, 0x00000000c5300000, 0x00000000c5300000|100%| E|CS|TAMS 0x00000000c5200000, 0x00000000c5200000| Complete 
|  65|0x00000000c5300000, 0x00000000c5400000, 0x00000000c5400000|100%| E|CS|TAMS 0x00000000c5300000, 0x00000000c5300000| Complete 
|  66|0x00000000c5400000, 0x00000000c5500000, 0x00000000c5500000|100%| E|CS|TAMS 0x00000000c5400000, 0x00000000c5400000| Complete 
|  67|0x00000000c5500000, 0x00000000c5600000, 0x00000000c5600000|100%| E|CS|TAMS 0x00000000c5500000, 0x00000000c5500000| Complete 
|  68|0x00000000c5600000, 0x00000000c5700000, 0x00000000c5700000|100%| E|CS|TAMS 0x00000000c5600000, 0x00000000c5600000| Complete 
|  69|0x00000000c5700000, 0x00000000c5800000, 0x00000000c5800000|100%| E|CS|TAMS 0x00000000c5700000, 0x00000000c5700000| Complete 
|  70|0x00000000c5800000, 0x00000000c5900000, 0x00000000c5900000|100%| E|CS|TAMS 0x00000000c5800000, 0x00000000c5800000| Complete 
|  71|0x00000000c5900000, 0x00000000c5a00000, 0x00000000c5a00000|100%| E|CS|TAMS 0x00000000c5900000, 0x00000000c5900000| Complete 
|  72|0x00000000c5a00000, 0x00000000c5b00000, 0x00000000c5b00000|100%| E|CS|TAMS 0x00000000c5a00000, 0x00000000c5a00000| Complete 
|  73|0x00000000c5b00000, 0x00000000c5c00000, 0x00000000c5c00000|100%| E|CS|TAMS 0x00000000c5b00000, 0x00000000c5b00000| Complete 
|  74|0x00000000c5c00000, 0x00000000c5d00000, 0x00000000c5d00000|100%| E|CS|TAMS 0x00000000c5c00000, 0x00000000c5c00000| Complete 
|  75|0x00000000c5d00000, 0x00000000c5e00000, 0x00000000c5e00000|100%| E|CS|TAMS 0x00000000c5d00000, 0x00000000c5d00000| Complete 
|  76|0x00000000c5e00000, 0x00000000c5f00000, 0x00000000c5f00000|100%| E|CS|TAMS 0x00000000c5e00000, 0x00000000c5e00000| Complete 

Card table byte_map: [0x000001fdf4db0000,0x000001fdf4fb0000] _byte_map_base: 0x000001fdf47a7000

Marking Bits (Prev, Next): (CMBitMap*) 0x000001fddbab6cd8, (CMBitMap*) 0x000001fddbab6d10
 Prev Bits: [0x000001fdf51b0000, 0x000001fdf6168000)
 Next Bits: [0x000001fdf6170000, 0x000001fdf7128000)

Polling page: 0x000001fddd310000

Metaspace:

Usage:
  Non-class:     35.53 MB capacity,    35.30 MB (>99%) used,   175.85 KB ( <1%) free+waste,    60.13 KB ( <1%) overhead. 
      Class:      5.08 MB capacity,     4.93 MB ( 97%) used,   126.27 KB (  2%) free+waste,    25.38 KB ( <1%) overhead. 
       Both:     40.61 MB capacity,    40.23 MB (>99%) used,   302.13 KB ( <1%) free+waste,    85.50 KB ( <1%) overhead. 

Virtual space:
  Non-class space:       36.00 MB reserved,      35.75 MB (>99%) committed 
      Class space:        1.00 GB reserved,       5.13 MB ( <1%) committed 
             Both:        1.04 GB reserved,      40.88 MB (  4%) committed 

Chunk freelists:
   Non-Class:  4.13 KB
       Class:  1.63 KB
        Both:  5.75 KB

CodeHeap 'non-profiled nmethods': size=120064Kb used=1022Kb max_used=1022Kb free=119042Kb
 bounds [0x000001fded040000, 0x000001fded2b0000, 0x000001fdf4580000]
CodeHeap 'profiled nmethods': size=120000Kb used=5184Kb max_used=5184Kb free=114816Kb
 bounds [0x000001fde5b10000, 0x000001fde6020000, 0x000001fded040000]
CodeHeap 'non-nmethods': size=5696Kb used=1217Kb max_used=1235Kb free=4479Kb
 bounds [0x000001fde5580000, 0x000001fde57f0000, 0x000001fde5b10000]
 total_blobs=3624 nmethods=2446 adapters=502
 compilation: enabled
              stopped_count=0, restarted_count=0
 full_count=0

Compilation events (10 events):
Event: 6.655 Thread 0x000001fdf9f8a800 2445       3       net.bytebuddy.description.type.TypeDescription$Generic$Visitor$ForRawType::onNonGenericType (6 bytes)
Event: 6.655 Thread 0x000001fdf9f8a800 nmethod 2445 0x000001fde601eb10 code [0x000001fde601ecc0, 0x000001fde601ee98]
Event: 6.655 Thread 0x000001fdf9f8a800 2446       3       net.bytebuddy.description.type.TypeDescription$Generic$Visitor$ForRawType::onNonGenericType (2 bytes)
Event: 6.656 Thread 0x000001fdf9f8a800 nmethod 2446 0x000001fde601ef90 code [0x000001fde601f140, 0x000001fde601f298]
Event: 6.693 Thread 0x000001fdf9f8a800 2447       3       net.bytebuddy.description.type.TypeDescription$AbstractBase::equals (60 bytes)
Event: 6.694 Thread 0x000001fdf9f8a800 nmethod 2447 0x000001fde601f310 code [0x000001fde601f540, 0x000001fde601fdf0]
Event: 6.706 Thread 0x000001fdf9f87800 2448       4       java.lang.ref.Cleaner$1::apply (9 bytes)
Event: 6.707 Thread 0x000001fdf9f87800 nmethod 2448 0x000001fded13f510 code [0x000001fded13f6a0, 0x000001fded13f738]
Event: 6.730 Thread 0x000001fdf9f87800 2449       4       java.net.URLStreamHandler::parseURL (1201 bytes)
Event: 6.748 Thread 0x000001fdf9f8a800 2450       3       net.bytebuddy.description.type.TypeDescription$Generic$LazyProjection$OfMethodParameter::asErasure (13 bytes)

GC Heap History (10 events):
Event: 1.976 GC heap before
{Heap before GC invocations=1 (full 0):
 garbage-first heap   total 65536K, used 12277K [0x00000000c1200000, 0x0000000100000000)
  region size 1024K, 8 young (8192K), 2 survivors (2048K)
 Metaspace       used 13528K, capacity 13793K, committed 13952K, reserved 1062912K
  class space    used 1290K, capacity 1388K, committed 1408K, reserved 1048576K
}
Event: 1.986 GC heap after
{Heap after GC invocations=2 (full 0):
 garbage-first heap   total 65536K, used 7138K [0x00000000c1200000, 0x0000000100000000)
  region size 1024K, 1 young (1024K), 1 survivors (1024K)
 Metaspace       used 13528K, capacity 13793K, committed 13952K, reserved 1062912K
  class space    used 1290K, capacity 1388K, committed 1408K, reserved 1048576K
}
Event: 2.824 GC heap before
{Heap before GC invocations=2 (full 0):
 garbage-first heap   total 65536K, used 27618K [0x00000000c1200000, 0x0000000100000000)
  region size 1024K, 22 young (22528K), 1 survivors (1024K)
 Metaspace       used 16652K, capacity 16888K, committed 17024K, reserved 1064960K
  class space    used 1706K, capacity 1798K, committed 1920K, reserved 1048576K
}
Event: 2.835 GC heap after
{Heap after GC invocations=3 (full 0):
 garbage-first heap   total 65536K, used 8630K [0x00000000c1200000, 0x0000000100000000)
  region size 1024K, 3 young (3072K), 3 survivors (3072K)
 Metaspace       used 16652K, capacity 16888K, committed 17024K, reserved 1064960K
  class space    used 1706K, capacity 1798K, committed 1920K, reserved 1048576K
}
Event: 2.847 GC heap before
{Heap before GC invocations=3 (full 0):
 garbage-first heap   total 65536K, used 31158K [0x00000000c1200000, 0x0000000100000000)
  region size 1024K, 26 young (26624K), 3 survivors (3072K)
 Metaspace       used 16652K, capacity 16888K, committed 17024K, reserved 1064960K
  class space    used 1706K, capacity 1798K, committed 1920K, reserved 1048576K
}
Event: 2.856 GC heap after
{Heap after GC invocations=4 (full 0):
 garbage-first heap   total 65536K, used 8823K [0x00000000c1200000, 0x0000000100000000)
  region size 1024K, 2 young (2048K), 2 survivors (2048K)
 Metaspace       used 16652K, capacity 16888K, committed 17024K, reserved 1064960K
  class space    used 1706K, capacity 1798K, committed 1920K, reserved 1048576K
}
Event: 3.525 GC heap before
{Heap before GC invocations=4 (full 0):
 garbage-first heap   total 65536K, used 21111K [0x00000000c1200000, 0x0000000100000000)
  region size 1024K, 16 young (16384K), 2 survivors (2048K)
 Metaspace       used 20958K, capacity 21216K, committed 21296K, reserved 1069056K
  class space    used 2347K, capacity 2432K, committed 2432K, reserved 1048576K
}
Event: 3.537 GC heap after
{Heap after GC invocations=5 (full 0):
 garbage-first heap   total 78848K, used 9661K [0x00000000c1200000, 0x0000000100000000)
  region size 1024K, 3 young (3072K), 3 survivors (3072K)
 Metaspace       used 20958K, capacity 21216K, committed 21296K, reserved 1069056K
  class space    used 2347K, capacity 2432K, committed 2432K, reserved 1048576K
}
Event: 5.858 GC heap before
{Heap before GC invocations=6 (full 0):
 garbage-first heap   total 78848K, used 47549K [0x00000000c1200000, 0x0000000100000000)
  region size 1024K, 41 young (41984K), 3 survivors (3072K)
 Metaspace       used 35488K, capacity 35883K, committed 35968K, reserved 1081344K
  class space    used 4235K, capacity 4417K, committed 4480K, reserved 1048576K
}
Event: 5.876 GC heap after
{Heap after GC invocations=7 (full 0):
 garbage-first heap   total 78848K, used 13746K [0x00000000c1200000, 0x0000000100000000)
  region size 1024K, 6 young (6144K), 6 survivors (6144K)
 Metaspace       used 35488K, capacity 35883K, committed 35968K, reserved 1081344K
  class space    used 4235K, capacity 4417K, committed 4480K, reserved 1048576K
}

Deoptimization events (10 events):
Event: 5.528 Thread 0x000001fddba87800 Uncommon trap: reason=profile_predicate action=maybe_recompile pc=0x000001fded1167e8 method=java.util.regex.Pattern$SliceI.match(Ljava/util/regex/Matcher;ILjava/lang/CharSequence;)Z @ 18 c2
Event: 5.528 Thread 0x000001fddba87800 Uncommon trap: reason=profile_predicate action=maybe_recompile pc=0x000001fded1167e8 method=java.util.regex.Pattern$SliceI.match(Ljava/util/regex/Matcher;ILjava/lang/CharSequence;)Z @ 18 c2
Event: 5.528 Thread 0x000001fddba87800 Uncommon trap: reason=profile_predicate action=maybe_recompile pc=0x000001fded1167e8 method=java.util.regex.Pattern$SliceI.match(Ljava/util/regex/Matcher;ILjava/lang/CharSequence;)Z @ 18 c2
Event: 5.528 Thread 0x000001fddba87800 Uncommon trap: reason=profile_predicate action=maybe_recompile pc=0x000001fded1167e8 method=java.util.regex.Pattern$SliceI.match(Ljava/util/regex/Matcher;ILjava/lang/CharSequence;)Z @ 18 c2
Event: 5.550 Thread 0x000001fddba87800 Uncommon trap: reason=unstable_if action=reinterpret pc=0x000001fded0eeac4 method=java.nio.Buffer.<init>(IIII)V @ 44 c2
Event: 5.615 Thread 0x000001fddba87800 Uncommon trap: reason=class_check action=maybe_recompile pc=0x000001fded09cfb4 method=java.io.FilterInputStream.read([BII)I @ 7 c2
Event: 5.615 Thread 0x000001fddba87800 Uncommon trap: reason=class_check action=maybe_recompile pc=0x000001fded09cfb4 method=java.io.FilterInputStream.read([BII)I @ 7 c2
Event: 5.773 Thread 0x000001fddba87800 Uncommon trap: reason=unstable_if action=reinterpret pc=0x000001fded0a85d4 method=java.util.LinkedHashMap.get(Ljava/lang/Object;)Ljava/lang/Object; @ 20 c2
Event: 6.705 Thread 0x000001fddba87800 Uncommon trap: reason=unstable_if action=reinterpret pc=0x000001fded119df0 method=java.util.HashMap$HashIterator.<init>(Ljava/util/HashMap;)V @ 45 c2
Event: 6.745 Thread 0x000001fddba87800 Uncommon trap: reason=unstable_if action=reinterpret pc=0x000001fded1195a8 method=java.util.HashMap$HashIterator.<init>(Ljava/util/HashMap;)V @ 45 c2

Classes redefined (0 events):
No events

Internal exceptions (10 events):
Event: 4.306 Thread 0x000001fddba87800 Exception <a 'java/lang/ClassNotFoundException'{0x00000000c55c35a0}: com/sun/org/apache/xerces/internal/impl/xpath/regex/spi/messageProvider> (0x00000000c55c35a0) thrown at [t:/workspace/open/src/hotspot/share/classfile/systemDictionary.cpp, line 231]
Event: 4.534 Thread 0x000001fddba87800 Exception <a 'java/lang/NoSuchMethodError'{0x00000000c51488f8}: java.lang.invoke.DirectMethodHandle$Holder.invokeStaticInit(Ljava/lang/Object;IIII)Ljava/lang/Object;> (0x00000000c51488f8) thrown at [t:/workspace/open/src/hotspot/share/interpreter/linkReso
Event: 4.749 Thread 0x000001fddba87800 Exception <a 'java/lang/NoSuchMethodError'{0x00000000c516e3e8}: java.lang.invoke.DirectMethodHandle$Holder.invokeStaticInit(Ljava/lang/Object;Ljava/lang/Object;IIII)Ljava/lang/Object;> (0x00000000c516e3e8) thrown at [t:/workspace/open/src/hotspot/share/in
Event: 5.057 Thread 0x000001fddba87800 Exception <a 'java/lang/NoSuchMethodError'{0x00000000c4a2af60}: java.lang.invoke.DirectMethodHandle$Holder.invokeVirtual(Ljava/lang/Object;Ljava/lang/Object;Ljava/lang/Object;)Ljava/lang/Object;> (0x00000000c4a2af60) thrown at [t:/workspace/open/src/hotsp
Event: 5.402 Thread 0x000001fddba87800 Exception <a 'java/lang/NoSuchMethodError'{0x00000000c3ea5e80}: java.lang.invoke.DirectMethodHandle$Holder.invokeStaticInit(Ljava/lang/Object;Ljava/lang/Object;Ljava/lang/Object;Ljava/lang/Object;)I> (0x00000000c3ea5e80) thrown at [t:/workspace/open/src/h
Event: 5.403 Thread 0x000001fddba87800 Exception <a 'java/lang/IncompatibleClassChangeError'{0x00000000c3eaef58}: Found class java.lang.Object, but interface was expected> (0x00000000c3eaef58) thrown at [t:/workspace/open/src/hotspot/share/interpreter/linkResolver.cpp, line 838]
Event: 5.403 Thread 0x000001fddba87800 Exception <a 'java/lang/NoSuchMethodError'{0x00000000c3eb23b0}: java.lang.invoke.DirectMethodHandle$Holder.invokeStaticInit(Ljava/lang/Object;Ljava/lang/Object;)V> (0x00000000c3eb23b0) thrown at [t:/workspace/open/src/hotspot/share/interpreter/linkResolve
Event: 5.404 Thread 0x000001fddba87800 Exception <a 'java/lang/NoSuchMethodError'{0x00000000c3eb7de8}: java.lang.invoke.DirectMethodHandle$Holder.invokeStaticInit(Ljava/lang/Object;Ljava/lang/Object;)I> (0x00000000c3eb7de8) thrown at [t:/workspace/open/src/hotspot/share/interpreter/linkResolve
Event: 5.413 Thread 0x000001fddba87800 Exception <a 'sun/nio/fs/WindowsException'{0x00000000c3ee0960}> (0x00000000c3ee0960) thrown at [t:/workspace/open/src/hotspot/share/prims/jni.cpp, line 615]
Event: 5.655 Thread 0x000001fddba87800 Exception <a 'java/lang/NoSuchMethodError'{0x00000000c3a87450}: java.lang.invoke.DirectMethodHandle$Holder.invokeVirtual(Ljava/lang/Object;Ljava/lang/Object;)V> (0x00000000c3a87450) thrown at [t:/workspace/open/src/hotspot/share/interpreter/linkResolver.c

Events (10 events):
Event: 6.745 loading class net/bytebuddy/implementation/bytecode/ByteCodeAppender$Size
Event: 6.745 loading class net/bytebuddy/implementation/bytecode/ByteCodeAppender$Size done
Event: 6.745 Thread 0x000001fddba87800 Uncommon trap: trap_request=0xffffff4d fr.pc=0x000001fded1195a8 relative=0x0000000000000268
Event: 6.745 Thread 0x000001fddba87800 DEOPT PACKING pc=0x000001fded1195a8 sp=0x00000012ff9fc8b0
Event: 6.745 Thread 0x000001fddba87800 DEOPT UNPACKING pc=0x000001fde55a8f2f sp=0x00000012ff9fc7a0 mode 2
Event: 6.746 loading class net/bytebuddy/description/type/TypeList$Generic$OfMethodExceptionTypes$TypeProjection
Event: 6.746 loading class net/bytebuddy/description/type/TypeList$Generic$OfMethodExceptionTypes$TypeProjection done
Event: 6.747 loading class net/bytebuddy/description/type/TypeDescription$Generic$AnnotationReader$Dispatcher$ForJava8CapableVm$AnnotatedExceptionType
Event: 6.747 loading class net/bytebuddy/description/type/TypeDescription$Generic$AnnotationReader$Dispatcher$ForJava8CapableVm$AnnotatedExceptionType done
Event: 6.750 Thread 0x000001fddba87800 Uncommon trap: trap_request=0xffffff4d fr.pc=0x000001fded117ffc relative=0x000000000000035c


Dynamic libraries:
0x00007ff768160000 - 0x00007ff7681a7000 	C:\Program Files\Java\jdk-11.0.2\bin\java.exe
0x00007ffff4b60000 - 0x00007ffff4d41000 	C:\WINDOWS\SYSTEM32\ntdll.dll
0x00007ffff3420000 - 0x00007ffff34d1000 	C:\WINDOWS\System32\KERNEL32.DLL
0x00007ffff1120000 - 0x00007ffff1393000 	C:\WINDOWS\System32\KERNELBASE.dll
0x00007ffff2050000 - 0x00007ffff20f1000 	C:\WINDOWS\System32\ADVAPI32.dll
0x00007ffff34e0000 - 0x00007ffff357e000 	C:\WINDOWS\System32\msvcrt.dll
0x00007ffff3330000 - 0x00007ffff338b000 	C:\WINDOWS\System32\sechost.dll
0x00007ffff2cc0000 - 0x00007ffff2de4000 	C:\WINDOWS\System32\RPCRT4.dll
0x00007ffff30b0000 - 0x00007ffff3240000 	C:\WINDOWS\System32\USER32.dll
0x00007ffff1d10000 - 0x00007ffff1d30000 	C:\WINDOWS\System32\win32u.dll
0x00007ffff2e00000 - 0x00007ffff2e28000 	C:\WINDOWS\System32\GDI32.dll
0x00007ffff1dd0000 - 0x00007ffff1f61000 	C:\WINDOWS\System32\gdi32full.dll
0x00007ffff1d30000 - 0x00007ffff1dcf000 	C:\WINDOWS\System32\msvcp_win.dll
0x00007ffff14a0000 - 0x00007ffff1598000 	C:\WINDOWS\System32\ucrtbase.dll
0x00007fffe3aa0000 - 0x00007fffe3d09000 	C:\WINDOWS\WinSxS\amd64_microsoft.windows.common-controls_6595b64144ccf1df_6.0.17134.885_none_fb42a3473065565f\COMCTL32.dll
0x00007fffe11f0000 - 0x00007fffe11fa000 	C:\WINDOWS\SYSTEM32\VERSION.dll
0x00007ffff2820000 - 0x00007ffff2b42000 	C:\WINDOWS\System32\combase.dll
0x00007ffff1f70000 - 0x00007ffff1fe9000 	C:\WINDOWS\System32\bcryptPrimitives.dll
0x00007ffff2fb0000 - 0x00007ffff2fdd000 	C:\WINDOWS\System32\IMM32.DLL
0x00007fffc8e90000 - 0x00007fffc8ea6000 	C:\Program Files\Java\jdk-11.0.2\bin\vcruntime140.dll
0x00007fffc5150000 - 0x00007fffc51fa000 	C:\Program Files\Java\jdk-11.0.2\bin\msvcp140.dll
0x00007fffb2860000 - 0x00007fffb3387000 	C:\Program Files\Java\jdk-11.0.2\bin\server\jvm.dll
0x00007ffff2b50000 - 0x00007ffff2b58000 	C:\WINDOWS\System32\PSAPI.DLL
0x00007fffec7d0000 - 0x00007fffec7d9000 	C:\WINDOWS\SYSTEM32\WSOCK32.dll
0x00007ffff3390000 - 0x00007ffff33fc000 	C:\WINDOWS\System32\WS2_32.dll
0x00007fffeb630000 - 0x00007fffeb653000 	C:\WINDOWS\SYSTEM32\WINMM.dll
0x00007fffeb600000 - 0x00007fffeb62a000 	C:\WINDOWS\SYSTEM32\WINMMBASE.dll
0x00007ffff13a0000 - 0x00007ffff13e9000 	C:\WINDOWS\System32\cfgmgr32.dll
0x00007ffff0f10000 - 0x00007ffff0f21000 	C:\WINDOWS\System32\kernel.appcore.dll
0x00007fffc7b30000 - 0x00007fffc7b41000 	C:\Program Files\Java\jdk-11.0.2\bin\verify.dll
0x00007fffec5b0000 - 0x00007fffec779000 	C:\WINDOWS\SYSTEM32\DBGHELP.DLL
0x00007fffddce0000 - 0x00007fffddd09000 	C:\WINDOWS\SYSTEM32\dbgcore.DLL
0x00007fffc7b00000 - 0x00007fffc7b29000 	C:\Program Files\Java\jdk-11.0.2\bin\java.dll
0x00007fffebaf0000 - 0x00007fffebb1f000 	C:\Program Files\Java\jdk-11.0.2\bin\instrument.dll
0x00007fffc7ae0000 - 0x00007fffc7af6000 	C:\Program Files\Java\jdk-11.0.2\bin\zip.dll
0x00007fffe5580000 - 0x00007fffe558a000 	C:\Program Files\Java\jdk-11.0.2\bin\jimage.dll
0x00007ffff3650000 - 0x00007ffff4a90000 	C:\WINDOWS\System32\SHELL32.dll
0x00007ffff2770000 - 0x00007ffff2819000 	C:\WINDOWS\System32\shcore.dll
0x00007ffff1600000 - 0x00007ffff1d0d000 	C:\WINDOWS\System32\windows.storage.dll
0x00007ffff1ff0000 - 0x00007ffff2041000 	C:\WINDOWS\System32\shlwapi.dll
0x00007ffff0ef0000 - 0x00007ffff0f0f000 	C:\WINDOWS\System32\profapi.dll
0x00007ffff0ea0000 - 0x00007ffff0eec000 	C:\WINDOWS\System32\powrprof.dll
0x00007ffff0e90000 - 0x00007ffff0e9a000 	C:\WINDOWS\System32\FLTLIB.DLL
0x00007fffc70a0000 - 0x00007fffc70b9000 	C:\Program Files\Java\jdk-11.0.2\bin\net.dll
0x00007fffed260000 - 0x00007fffed33d000 	C:\WINDOWS\SYSTEM32\WINHTTP.dll
0x00007fffe5380000 - 0x00007fffe5549000 	C:\WINDOWS\SYSTEM32\urlmon.dll
0x00007fffe5720000 - 0x00007fffe59c6000 	C:\WINDOWS\SYSTEM32\iertutil.dll
0x00007ffff08c0000 - 0x00007ffff08cb000 	C:\WINDOWS\SYSTEM32\CRYPTBASE.DLL
0x00007ffff06f0000 - 0x00007ffff0756000 	C:\WINDOWS\system32\mswsock.dll
0x00007fffc6700000 - 0x00007fffc6713000 	C:\Program Files\Java\jdk-11.0.2\bin\nio.dll
0x00007fffebad0000 - 0x00007fffebaea000 	D:\New folder\IntelliJ IDEA Community Edition 2018.3.5\bin\breakgen64.dll
0x00007ffff08a0000 - 0x00007ffff08b7000 	C:\WINDOWS\SYSTEM32\CRYPTSP.dll
0x00007ffff02e0000 - 0x00007ffff0313000 	C:\WINDOWS\system32\rsaenh.dll
0x00007ffff09d0000 - 0x00007ffff09f5000 	C:\WINDOWS\SYSTEM32\bcrypt.dll
0x00007ffff0d70000 - 0x00007ffff0d98000 	C:\WINDOWS\SYSTEM32\USERENV.dll
0x00007ffff0480000 - 0x00007ffff04b8000 	C:\WINDOWS\SYSTEM32\IPHLPAPI.DLL
0x00007ffff30a0000 - 0x00007ffff30a8000 	C:\WINDOWS\System32\NSI.dll
0x00007fffe5550000 - 0x00007fffe5566000 	C:\WINDOWS\SYSTEM32\dhcpcsvc6.DLL
0x00007fffe7660000 - 0x00007fffe767a000 	C:\WINDOWS\SYSTEM32\dhcpcsvc.DLL
0x00007ffff04c0000 - 0x00007ffff057e000 	C:\WINDOWS\SYSTEM32\DNSAPI.dll
0x00007fffe1200000 - 0x00007fffe120a000 	C:\Windows\System32\rasadhlp.dll
0x00007fffe2ec0000 - 0x00007fffe2f32000 	C:\WINDOWS\System32\fwpuclnt.dll
0x00007fffedcc0000 - 0x00007fffedccd000 	C:\Program Files\Java\jdk-11.0.2\bin\sunmscapi.dll
0x00007ffff0f30000 - 0x00007ffff1112000 	C:\WINDOWS\System32\CRYPT32.dll
0x00007ffff0e70000 - 0x00007ffff0e82000 	C:\WINDOWS\System32\MSASN1.dll
0x00007ffff09a0000 - 0x00007ffff09c6000 	C:\WINDOWS\SYSTEM32\ncrypt.dll
0x00007ffff0960000 - 0x00007ffff0996000 	C:\WINDOWS\SYSTEM32\NTASN1.dll
0x00007fffe7190000 - 0x00007fffe71b7000 	C:\Program Files\Java\jdk-11.0.2\bin\sunec.dll

dbghelp: loaded successfully - version: 4.0.5 - missing functions: none
symbol engine: initialized successfully - sym options: 0x614 - pdb path: .;C:\Program Files\Java\jdk-11.0.2\bin;C:\WINDOWS\SYSTEM32;C:\WINDOWS\WinSxS\amd64_microsoft.windows.common-controls_6595b64144ccf1df_6.0.17134.885_none_fb42a3473065565f;C:\Program Files\Java\jdk-11.0.2\bin\server;D:\New folder\IntelliJ IDEA Community Edition 2018.3.5\bin

VM Arguments:
jvm_args: -javaagent:D:\New folder\IntelliJ IDEA Community Edition 2018.3.5\lib\idea_rt.jar=50917:D:\New folder\IntelliJ IDEA Community Edition 2018.3.5\bin -Dfile.encoding=UTF-8 
java_command: main
java_class_path (initial): D:\SDA Cursuri\PROIECTE\ExcelWrapper\target\classes;C:\Users\HP\.m2\repository\mysql\mysql-connector-java\8.0.15\mysql-connector-java-8.0.15.jar;C:\Users\HP\.m2\repository\com\google\protobuf\protobuf-java\3.6.1\protobuf-java-3.6.1.jar;C:\Users\HP\.m2\repository\org\hibernate\hibernate-core\5.4.1.Final\hibernate-core-5.4.1.Final.jar;C:\Users\HP\.m2\repository\org\jboss\logging\jboss-logging\3.3.2.Final\jboss-logging-3.3.2.Final.jar;C:\Users\HP\.m2\repository\javax\persistence\javax.persistence-api\2.2\javax.persistence-api-2.2.jar;C:\Users\HP\.m2\repository\org\javassist\javassist\3.24.0-GA\javassist-3.24.0-GA.jar;C:\Users\HP\.m2\repository\net\bytebuddy\byte-buddy\1.9.5\byte-buddy-1.9.5.jar;C:\Users\HP\.m2\repository\antlr\antlr\2.7.7\antlr-2.7.7.jar;C:\Users\HP\.m2\repository\org\jboss\spec\javax\transaction\jboss-transaction-api_1.2_spec\1.1.1.Final\jboss-transaction-api_1.2_spec-1.1.1.Final.jar;C:\Users\HP\.m2\repository\org\jboss\jandex\2.0.5.Final\jandex-2.0.5.Final.jar;C:\Users\HP\.m2\repository\com\fasterxml\classmate\1.3.4\classmate-1.3.4.jar;C:\Users\HP\.m2\repository\javax\activation\javax.activation-api\1.2.0\javax.activation-api-1.2.0.jar;C:\Users\HP\.m2\repository\org\dom4j\dom4j\2.1.1\dom4j-2.1.1.jar;C:\Users\HP\.m2\repository\org\hibernate\common\hibernate-commons-annotations\5.1.0.Final\hibernate-commons-annotations-5.1.0.Final.jar;C:\Users\HP\.m2\repository\javax\xml\bind\jaxb-api\2.3.1\jaxb-api-2.3.1.jar;C:\Users\HP\.m2\repository\org\glassfish\jaxb\jaxb-runtime\2.3.1\jaxb-runtime-2.3.1.jar;C:\Users\HP\.m2\repository\org\glassfish\jaxb\txw2\2.3.1\txw2-2.3.1.jar;C:\Users\HP\.m2\repository\com\sun\istack\istack-commons-runtime\3.0.7\istack-commons-runtime-3.0.7.jar;C:\Users\HP\.m2\repository\org\jvnet\staxex\stax-ex\1.8\stax-ex-1.8.jar;C:\Users\HP\.m2\repository\com\sun\xml\fastinfoset\FastInfoset\1.2.15\FastInfoset-1.2.15.jar;C:\Users\HP\.m2\repository\org\apache\poi\poi\3.17\poi-3.17.jar;C:\Users\HP\.m2\repository\comm
Launcher Type: SUN_STANDARD

[Global flags]
     intx CICompilerCount                          = 3                                         {product} {ergonomic}
     uint ConcGCThreads                            = 1                                         {product} {ergonomic}
     uint G1ConcRefinementThreads                  = 4                                         {product} {ergonomic}
   size_t G1HeapRegionSize                         = 1048576                                   {product} {ergonomic}
    uintx GCDrainStackTargetSize                   = 64                                        {product} {ergonomic}
   size_t InitialHeapSize                          = 67108864                                  {product} {ergonomic}
   size_t MarkStackSize                            = 4194304                                   {product} {ergonomic}
   size_t MaxHeapSize                              = 1054867456                                {product} {ergonomic}
   size_t MaxNewSize                               = 632291328                                 {product} {ergonomic}
   size_t MinHeapDeltaBytes                        = 1048576                                   {product} {ergonomic}
    uintx NonNMethodCodeHeapSize                   = 5830092                                {pd product} {ergonomic}
    uintx NonProfiledCodeHeapSize                  = 122914074                              {pd product} {ergonomic}
    uintx ProfiledCodeHeapSize                     = 122914074                              {pd product} {ergonomic}
    uintx ReservedCodeCacheSize                    = 251658240                              {pd product} {ergonomic}
     bool SegmentedCodeCache                       = true                                      {product} {ergonomic}
     bool UseCompressedClassPointers               = true                                 {lp64_product} {ergonomic}
     bool UseCompressedOops                        = true                                 {lp64_product} {ergonomic}
     bool UseG1GC                                  = true                                      {product} {ergonomic}
     bool UseLargePagesIndividualAllocation        = false                                  {pd product} {ergonomic}

Logging:
Log output configuration:
 #0: stdout all=warning uptime,level,tags
 #1: stderr all=off uptime,level,tags

Environment Variables:
PATH=C:\ProgramData\Oracle\Java\javapath;C:\Program Files (x86)\Intel\iCLS Client\;C:\Program Files\Intel\iCLS Client\;C:\Program Files\Broadcom\Broadcom 802.11;C:\WINDOWS\system32;C:\WINDOWS;C:\WINDOWS\System32\Wbem;C:\WINDOWS\System32\WindowsPowerShell\v1.0\;C:\Program Files (x86)\ATI Technologies\ATI.ACE\Core-Static;C:\Program Files (x86)\Intel\Intel(R) Management Engine Components\DAL;C:\Program Files\Intel\Intel(R) Management Engine Components\DAL;C:\Program Files (x86)\Intel\Intel(R) Management Engine Components\IPT;C:\Program Files\Intel\Intel(R) Management Engine Components\IPT;C:\Program Files (x86)\Microsoft SQL Server\Client SDK\ODBC\130\Tools\Binn\;C:\Program Files (x86)\Microsoft SQL Server\130\Tools\Binn\;C:\Program Files (x86)\Microsoft SQL Server\130\DTS\Binn\;C:\Program Files (x86)\Microsoft SQL Server\130\Tools\Binn\ManagementStudio\;C:\Program Files\Microsoft\Web Platform Installer\;C:\Program Files (x86)\Windows Kits\10\Windows Performance Toolkit\;C:\Program Files\dotnet\;C:\Program Files (x86)\Skype\Phone\;C:\WINDOWS\System32\OpenSSH\;C:\Program Files\Git\cmd;C:\Program Files\MySQL\MySQL Shell 8.0\bin\
USERNAME=HP
OS=Windows_NT
PROCESSOR_IDENTIFIER=Intel64 Family 6 Model 69 Stepping 1, GenuineIntel



---------------  S Y S T E M  ---------------

OS: Windows 10 , 64 bit Build 17134 (10.0.17134.753)

CPU:total 4 (initial active 4) (2 cores per cpu, 2 threads per core) family 6 model 69 stepping 1, cmov, cx8, fxsr, mmx, sse, sse2, sse3, ssse3, sse4.1, sse4.2, popcnt, avx, avx2, aes, clmul, erms, lzcnt, ht, tsc, tscinvbit, bmi1, bmi2, fma

Memory: 4k page, system-wide physical 4022M (515M free)
TotalPageFile size 4022M (AvailPageFile size 3M)
current process WorkingSet (physical memory assigned to process): 180M, peak: 180M
current process commit charge ("private bytes"): 236M, peak: 236M

vm_info: Java HotSpot(TM) 64-Bit Server VM (11.0.2+9-LTS) for windows-amd64 JRE (11.0.2+9-LTS), built on Jan 18 2019 05:24:10 by "mach5one" with MS VC++ 15.5 (VS2017)

END.
