#
# There is insufficient memory for the Java Runtime Environment to continue.
# Native memory allocation (malloc) failed to allocate 394096 bytes for Chunk::new
# Possible reasons:
#   The system is out of physical RAM or swap space
#   The process is running with CompressedOops enabled, and the Java Heap may be blocking the growth of the native heap
# Possible solutions:
#   Reduce memory load on the system
#   Increase physical memory or swap space
#   Check if swap backing store is full
#   Decrease Java heap size (-Xmx/-Xms)
#   Decrease number of Java threads
#   Decrease Java thread stack sizes (-Xss)
#   Set larger code cache with -XX:ReservedCodeCacheSize=
#   JVM is running with Unscaled Compressed Oops mode in which the Java heap is
#     placed in the first 4GB address space. The Java Heap base address is the
#     maximum limit for the native heap growth. Please use -XX:HeapBaseMinAddress
#     to set the Java Heap base and to place the Java Heap above 4GB virtual address.
# This output file may be truncated or incomplete.
#
#  Out of Memory Error (t:/workspace/open/src/hotspot/share/memory/arena.cpp:197), pid=7972, tid=7556
#
# JRE version: Java(TM) SE Runtime Environment (11.0.2+9) (build 11.0.2+9-LTS)
# Java VM: Java HotSpot(TM) 64-Bit Server VM (11.0.2+9-LTS, mixed mode, tiered, compressed oops, g1 gc, windows-amd64)
# No core dump will be written. Minidumps are not enabled by default on client versions of Windows
#

---------------  S U M M A R Y ------------

Command Line: -javaagent:D:\New folder\IntelliJ IDEA Community Edition 2018.3.5\lib\idea_rt.jar=50991:D:\New folder\IntelliJ IDEA Community Edition 2018.3.5\bin -Dfile.encoding=UTF-8 main

Host: Intel(R) Core(TM) i3-4005U CPU @ 1.70GHz, 4 cores, 3G,  Windows 10 , 64 bit Build 17134 (10.0.17134.753)
Time: Tue Jul 30 11:35:11 2019 GTB Daylight Time elapsed time: 6 seconds (0d 0h 0m 6s)

---------------  T H R E A D  ---------------

Current thread (0x0000027affe27800):  JavaThread "C2 CompilerThread0" daemon [_thread_in_native, id=7556, stack(0x000000b52c700000,0x000000b52c800000)]


Current CompileTask:
C2:   6984 2276       4       java.io.FilterInputStream::read (11 bytes)

Stack: [0x000000b52c700000,0x000000b52c800000]
Native frames: (J=compiled Java code, j=interpreted, Vv=VM code, C=native code)
V  [jvm.dll+0x63574a]
V  [jvm.dll+0x77326f]
V  [jvm.dll+0x77491a]
V  [jvm.dll+0x774fd3]
V  [jvm.dll+0x25e418]
V  [jvm.dll+0xc2141]
V  [jvm.dll+0xc26dc]
V  [jvm.dll+0x36d7b7]
V  [jvm.dll+0x1a9651]
V  [jvm.dll+0x218352]
V  [jvm.dll+0x2173ea]
V  [jvm.dll+0x194200]
V  [jvm.dll+0x2263af]
V  [jvm.dll+0x2249b8]
V  [jvm.dll+0x738a9d]
V  [jvm.dll+0x6347f2]
C  [ucrtbase.dll+0x1e3fe]
C  [KERNEL32.DLL+0x14034]
C  [ntdll.dll+0x73691]


---------------  P R O C E S S  ---------------

Threads class SMR info:
_java_thread_list=0x0000027a93e46480, length=14, elements={
0x0000027af6017800, 0x0000027affd95000, 0x0000027affd96000, 0x0000027affe22800,
0x0000027affe23800, 0x0000027affe27800, 0x0000027a927f8800, 0x0000027affddc000,
0x0000027af60d8000, 0x0000027a92bba000, 0x0000027a92bbd000, 0x0000027a93c68800,
0x0000027a93c3f800, 0x0000027a930c4800
}

Java Threads: ( => current thread )
  0x0000027af6017800 JavaThread "main" [_thread_blocked, id=7656, stack(0x000000b52bc00000,0x000000b52bd00000)]
  0x0000027affd95000 JavaThread "Reference Handler" daemon [_thread_blocked, id=3348, stack(0x000000b52c300000,0x000000b52c400000)]
  0x0000027affd96000 JavaThread "Finalizer" daemon [_thread_blocked, id=1396, stack(0x000000b52c400000,0x000000b52c500000)]
  0x0000027affe22800 JavaThread "Signal Dispatcher" daemon [_thread_blocked, id=7696, stack(0x000000b52c500000,0x000000b52c600000)]
  0x0000027affe23800 JavaThread "Attach Listener" daemon [_thread_blocked, id=8868, stack(0x000000b52c600000,0x000000b52c700000)]
=>0x0000027affe27800 JavaThread "C2 CompilerThread0" daemon [_thread_in_native, id=7556, stack(0x000000b52c700000,0x000000b52c800000)]
  0x0000027a927f8800 JavaThread "C1 CompilerThread0" daemon [_thread_blocked, id=11100, stack(0x000000b52c800000,0x000000b52c900000)]
  0x0000027affddc000 JavaThread "Sweeper thread" daemon [_thread_blocked, id=8712, stack(0x000000b52c900000,0x000000b52ca00000)]
  0x0000027af60d8000 JavaThread "Common-Cleaner" daemon [_thread_blocked, id=6096, stack(0x000000b52ca00000,0x000000b52cb00000)]
  0x0000027a92bba000 JavaThread "Monitor Ctrl-Break" daemon [_thread_in_native, id=8328, stack(0x000000b52cb00000,0x000000b52cc00000)]
  0x0000027a92bbd000 JavaThread "Service Thread" daemon [_thread_blocked, id=7092, stack(0x000000b52cc00000,0x000000b52cd00000)]
  0x0000027a93c68800 JavaThread "mysql-cj-abandoned-connection-cleanup" daemon [_thread_blocked, id=2140, stack(0x000000b52d000000,0x000000b52d100000)]
  0x0000027a93c3f800 JavaThread "C2 CompilerThread1" daemon [_thread_in_native, id=3592, stack(0x000000b52d100000,0x000000b52d200000)]
  0x0000027a930c4800 JavaThread "Hibernate Connection Pool Validation Thread" daemon [_thread_blocked, id=2612, stack(0x000000b52d300000,0x000000b52d400000)]

Other Threads:
  0x0000027affd92000 VMThread "VM Thread" [stack: 0x000000b52c200000,0x000000b52c300000] [id=4728]
  0x0000027a92bbe000 WatcherThread [stack: 0x000000b52cd00000,0x000000b52ce00000] [id=10476]
  0x0000027af602d800 GCTaskThread "GC Thread#0" [stack: 0x000000b52bd00000,0x000000b52be00000] [id=7524]
  0x0000027a9301a800 GCTaskThread "GC Thread#1" [stack: 0x000000b52ce00000,0x000000b52cf00000] [id=6492]
  0x0000027af604d000 ConcurrentGCThread "G1 Main Marker" [stack: 0x000000b52be00000,0x000000b52bf00000] [id=5996]
  0x0000027af604f800 ConcurrentGCThread "G1 Conc#0" [stack: 0x000000b52bf00000,0x000000b52c000000] [id=2624]
  0x0000027af60ac800 ConcurrentGCThread "G1 Refine#0" [stack: 0x000000b52c000000,0x000000b52c100000] [id=5704]
  0x0000027a929e3800 ConcurrentGCThread "G1 Refine#1" [stack: 0x000000b52cf00000,0x000000b52d000000] [id=5748]
  0x0000027af60ad800 ConcurrentGCThread "G1 Young RemSet Sampling" [stack: 0x000000b52c100000,0x000000b52c200000] [id=7676]

Threads with active compile tasks:
C2 CompilerThread02276       4       java.io.FilterInputStream::read (11 bytes)
C2 CompilerThread12325   !   4       jdk.internal.loader.BuiltinClassLoader::loadClassOrNull (143 bytes)

VM state:at safepoint (normal execution)

VM Mutex/Monitor currently owned by a thread:  ([mutex/lock_event])
[0x0000027af6015e90] Threads_lock - owner thread: 0x0000027affd92000
[0x0000027af6015230] Heap_lock - owner thread: 0x0000027af604d000

Heap address: 0x00000000c1200000, size: 1006 MB, Compressed Oops mode: 32-bit
Narrow klass base: 0x0000000000000000, Narrow klass shift: 3
Compressed class space size: 1073741824 Address: 0x0000000100000000

Heap:
 garbage-first heap   total 78848K, used 13590K [0x00000000c1200000, 0x0000000100000000)
  region size 1024K, 6 young (6144K), 5 survivors (5120K)
 Metaspace       used 35291K, capacity 35713K, committed 35968K, reserved 1081344K
  class space    used 4207K, capacity 4385K, committed 4480K, reserved 1048576K
Heap Regions: E=young(eden), S=young(survivor), O=old, HS=humongous(starts), HC=humongous(continues), CS=collection set, F=free, A=archive, TAMS=top-at-mark-start (previous, next)
|   0|0x00000000c1200000, 0x00000000c1300000, 0x00000000c1300000|100%|HS|  |TAMS 0x00000000c1300000, 0x00000000c1300000| Complete 
|   1|0x00000000c1300000, 0x00000000c1400000, 0x00000000c1400000|100%|HS|  |TAMS 0x00000000c1400000, 0x00000000c1400000| Complete 
|   2|0x00000000c1400000, 0x00000000c1500000, 0x00000000c1500000|100%| O|  |TAMS 0x00000000c1500000, 0x00000000c1500000| Untracked 
|   3|0x00000000c1500000, 0x00000000c1600000, 0x00000000c1600000|100%| O|  |TAMS 0x00000000c1600000, 0x00000000c1600000| Untracked 
|   4|0x00000000c1600000, 0x00000000c1700000, 0x00000000c1700000|100%| O|  |TAMS 0x00000000c1700000, 0x00000000c1700000| Untracked 
|   5|0x00000000c1700000, 0x00000000c1800000, 0x00000000c1800000|100%| O|  |TAMS 0x00000000c1800000, 0x00000000c1800000| Untracked 
|   6|0x00000000c1800000, 0x00000000c1900000, 0x00000000c1900000|100%| O|  |TAMS 0x00000000c1900000, 0x00000000c1900000| Untracked 
|   7|0x00000000c1900000, 0x00000000c1a00000, 0x00000000c1a00000|100%| O|  |TAMS 0x00000000c1955800, 0x00000000c1a00000| Untracked 
|   8|0x00000000c1a00000, 0x00000000c1a45a00, 0x00000000c1b00000| 27%| O|  |TAMS 0x00000000c1a00000, 0x00000000c1a45a00| Untracked 
|   9|0x00000000c1b00000, 0x00000000c1b00000, 0x00000000c1c00000|  0%| F|  |TAMS 0x00000000c1b00000, 0x00000000c1b00000| Untracked 
|  10|0x00000000c1c00000, 0x00000000c1c00000, 0x00000000c1d00000|  0%| F|  |TAMS 0x00000000c1c00000, 0x00000000c1c00000| Untracked 
|  11|0x00000000c1d00000, 0x00000000c1d00000, 0x00000000c1e00000|  0%| F|  |TAMS 0x00000000c1d00000, 0x00000000c1d00000| Untracked 
|  12|0x00000000c1e00000, 0x00000000c1e00000, 0x00000000c1f00000|  0%| F|  |TAMS 0x00000000c1e00000, 0x00000000c1e00000| Untracked 
|  13|0x00000000c1f00000, 0x00000000c1f00000, 0x00000000c2000000|  0%| F|  |TAMS 0x00000000c1f00000, 0x00000000c1f00000| Untracked 
|  14|0x00000000c2000000, 0x00000000c2000000, 0x00000000c2100000|  0%| F|  |TAMS 0x00000000c2000000, 0x00000000c2000000| Untracked 
|  15|0x00000000c2100000, 0x00000000c2100000, 0x00000000c2200000|  0%| F|  |TAMS 0x00000000c2100000, 0x00000000c2100000| Untracked 
|  16|0x00000000c2200000, 0x00000000c2200000, 0x00000000c2300000|  0%| F|  |TAMS 0x00000000c2200000, 0x00000000c2200000| Untracked 
|  17|0x00000000c2300000, 0x00000000c2300000, 0x00000000c2400000|  0%| F|  |TAMS 0x00000000c2300000, 0x00000000c2300000| Untracked 
|  18|0x00000000c2400000, 0x00000000c2400000, 0x00000000c2500000|  0%| F|  |TAMS 0x00000000c2400000, 0x00000000c2400000| Untracked 
|  19|0x00000000c2500000, 0x00000000c2500000, 0x00000000c2600000|  0%| F|  |TAMS 0x00000000c2500000, 0x00000000c2500000| Untracked 
|  20|0x00000000c2600000, 0x00000000c2600000, 0x00000000c2700000|  0%| F|  |TAMS 0x00000000c2600000, 0x00000000c2600000| Untracked 
|  21|0x00000000c2700000, 0x00000000c2700000, 0x00000000c2800000|  0%| F|  |TAMS 0x00000000c2700000, 0x00000000c2700000| Untracked 
|  22|0x00000000c2800000, 0x00000000c2800000, 0x00000000c2900000|  0%| F|  |TAMS 0x00000000c2800000, 0x00000000c2800000| Untracked 
|  23|0x00000000c2900000, 0x00000000c2900000, 0x00000000c2a00000|  0%| F|  |TAMS 0x00000000c2900000, 0x00000000c2900000| Untracked 
|  24|0x00000000c2a00000, 0x00000000c2a00000, 0x00000000c2b00000|  0%| F|  |TAMS 0x00000000c2a00000, 0x00000000c2a00000| Untracked 
|  25|0x00000000c2b00000, 0x00000000c2b00000, 0x00000000c2c00000|  0%| F|  |TAMS 0x00000000c2b00000, 0x00000000c2b00000| Untracked 
|  26|0x00000000c2c00000, 0x00000000c2c00000, 0x00000000c2d00000|  0%| F|  |TAMS 0x00000000c2c00000, 0x00000000c2c00000| Untracked 
|  27|0x00000000c2d00000, 0x00000000c2d00000, 0x00000000c2e00000|  0%| F|  |TAMS 0x00000000c2d00000, 0x00000000c2d00000| Untracked 
|  28|0x00000000c2e00000, 0x00000000c2e00000, 0x00000000c2f00000|  0%| F|  |TAMS 0x00000000c2e00000, 0x00000000c2e00000| Untracked 
|  29|0x00000000c2f00000, 0x00000000c2f00000, 0x00000000c3000000|  0%| F|  |TAMS 0x00000000c2f00000, 0x00000000c2f00000| Untracked 
|  30|0x00000000c3000000, 0x00000000c3000000, 0x00000000c3100000|  0%| F|  |TAMS 0x00000000c3000000, 0x00000000c3000000| Untracked 
|  31|0x00000000c3100000, 0x00000000c3100000, 0x00000000c3200000|  0%| F|  |TAMS 0x00000000c3100000, 0x00000000c3100000| Untracked 
|  32|0x00000000c3200000, 0x00000000c3200000, 0x00000000c3300000|  0%| F|  |TAMS 0x00000000c3200000, 0x00000000c3200000| Untracked 
|  33|0x00000000c3300000, 0x00000000c3300000, 0x00000000c3400000|  0%| F|  |TAMS 0x00000000c3300000, 0x00000000c3300000| Untracked 
|  34|0x00000000c3400000, 0x00000000c3500000, 0x00000000c3500000|100%| S|CS|TAMS 0x00000000c3400000, 0x00000000c3400000| Complete 
|  35|0x00000000c3500000, 0x00000000c3600000, 0x00000000c3600000|100%| S|CS|TAMS 0x00000000c3500000, 0x00000000c3500000| Complete 
|  36|0x00000000c3600000, 0x00000000c3700000, 0x00000000c3700000|100%| S|CS|TAMS 0x00000000c3600000, 0x00000000c3600000| Complete 
|  37|0x00000000c3700000, 0x00000000c3800000, 0x00000000c3800000|100%| S|CS|TAMS 0x00000000c3700000, 0x00000000c3700000| Complete 
|  38|0x00000000c3800000, 0x00000000c3900000, 0x00000000c3900000|100%| S|CS|TAMS 0x00000000c3800000, 0x00000000c3800000| Complete 
|  39|0x00000000c3900000, 0x00000000c3900000, 0x00000000c3a00000|  0%| F|  |TAMS 0x00000000c3900000, 0x00000000c3900000| Untracked 
|  40|0x00000000c3a00000, 0x00000000c3a00000, 0x00000000c3b00000|  0%| F|  |TAMS 0x00000000c3a00000, 0x00000000c3a00000| Untracked 
|  41|0x00000000c3b00000, 0x00000000c3b00000, 0x00000000c3c00000|  0%| F|  |TAMS 0x00000000c3b00000, 0x00000000c3b00000| Untracked 
|  42|0x00000000c3c00000, 0x00000000c3c00000, 0x00000000c3d00000|  0%| F|  |TAMS 0x00000000c3c00000, 0x00000000c3c00000| Untracked 
|  43|0x00000000c3d00000, 0x00000000c3d00000, 0x00000000c3e00000|  0%| F|  |TAMS 0x00000000c3d00000, 0x00000000c3d00000| Untracked 
|  44|0x00000000c3e00000, 0x00000000c3e00000, 0x00000000c3f00000|  0%| F|  |TAMS 0x00000000c3e00000, 0x00000000c3e00000| Untracked 
|  45|0x00000000c3f00000, 0x00000000c3f00000, 0x00000000c4000000|  0%| F|  |TAMS 0x00000000c3f00000, 0x00000000c3f00000| Untracked 
|  46|0x00000000c4000000, 0x00000000c4000000, 0x00000000c4100000|  0%| F|  |TAMS 0x00000000c4000000, 0x00000000c4000000| Untracked 
|  47|0x00000000c4100000, 0x00000000c4100000, 0x00000000c4200000|  0%| F|  |TAMS 0x00000000c4100000, 0x00000000c4100000| Untracked 
|  48|0x00000000c4200000, 0x00000000c4200000, 0x00000000c4300000|  0%| F|  |TAMS 0x00000000c4200000, 0x00000000c4200000| Untracked 
|  49|0x00000000c4300000, 0x00000000c4300000, 0x00000000c4400000|  0%| F|  |TAMS 0x00000000c4300000, 0x00000000c4300000| Untracked 
|  50|0x00000000c4400000, 0x00000000c4400000, 0x00000000c4500000|  0%| F|  |TAMS 0x00000000c4400000, 0x00000000c4400000| Untracked 
|  51|0x00000000c4500000, 0x00000000c4500000, 0x00000000c4600000|  0%| F|  |TAMS 0x00000000c4500000, 0x00000000c4500000| Untracked 
|  52|0x00000000c4600000, 0x00000000c4600000, 0x00000000c4700000|  0%| F|  |TAMS 0x00000000c4600000, 0x00000000c4600000| Untracked 
|  53|0x00000000c4700000, 0x00000000c4700000, 0x00000000c4800000|  0%| F|  |TAMS 0x00000000c4700000, 0x00000000c4700000| Untracked 
|  54|0x00000000c4800000, 0x00000000c4800000, 0x00000000c4900000|  0%| F|  |TAMS 0x00000000c4800000, 0x00000000c4800000| Untracked 
|  55|0x00000000c4900000, 0x00000000c4900000, 0x00000000c4a00000|  0%| F|  |TAMS 0x00000000c4900000, 0x00000000c4900000| Untracked 
|  56|0x00000000c4a00000, 0x00000000c4a00000, 0x00000000c4b00000|  0%| F|  |TAMS 0x00000000c4a00000, 0x00000000c4a00000| Untracked 
|  57|0x00000000c4b00000, 0x00000000c4b00000, 0x00000000c4c00000|  0%| F|  |TAMS 0x00000000c4b00000, 0x00000000c4b00000| Untracked 
|  58|0x00000000c4c00000, 0x00000000c4c00000, 0x00000000c4d00000|  0%| F|  |TAMS 0x00000000c4c00000, 0x00000000c4c00000| Untracked 
|  59|0x00000000c4d00000, 0x00000000c4d00000, 0x00000000c4e00000|  0%| F|  |TAMS 0x00000000c4d00000, 0x00000000c4d00000| Untracked 
|  60|0x00000000c4e00000, 0x00000000c4e00000, 0x00000000c4f00000|  0%| F|  |TAMS 0x00000000c4e00000, 0x00000000c4e00000| Untracked 
|  61|0x00000000c4f00000, 0x00000000c4f00000, 0x00000000c5000000|  0%| F|  |TAMS 0x00000000c4f00000, 0x00000000c4f00000| Untracked 
|  62|0x00000000c5000000, 0x00000000c5000000, 0x00000000c5100000|  0%| F|  |TAMS 0x00000000c5000000, 0x00000000c5000000| Untracked 
|  63|0x00000000c5100000, 0x00000000c5100000, 0x00000000c5200000|  0%| F|  |TAMS 0x00000000c5100000, 0x00000000c5100000| Untracked 
|  64|0x00000000c5200000, 0x00000000c5200000, 0x00000000c5300000|  0%| F|  |TAMS 0x00000000c5200000, 0x00000000c5200000| Untracked 
|  65|0x00000000c5300000, 0x00000000c5300000, 0x00000000c5400000|  0%| F|  |TAMS 0x00000000c5300000, 0x00000000c5300000| Untracked 
|  66|0x00000000c5400000, 0x00000000c5400000, 0x00000000c5500000|  0%| F|  |TAMS 0x00000000c5400000, 0x00000000c5400000| Untracked 
|  67|0x00000000c5500000, 0x00000000c5500000, 0x00000000c5600000|  0%| F|  |TAMS 0x00000000c5500000, 0x00000000c5500000| Untracked 
|  68|0x00000000c5600000, 0x00000000c5600000, 0x00000000c5700000|  0%| F|  |TAMS 0x00000000c5600000, 0x00000000c5600000| Untracked 
|  69|0x00000000c5700000, 0x00000000c5700000, 0x00000000c5800000|  0%| F|  |TAMS 0x00000000c5700000, 0x00000000c5700000| Untracked 
|  70|0x00000000c5800000, 0x00000000c5800000, 0x00000000c5900000|  0%| F|  |TAMS 0x00000000c5800000, 0x00000000c5800000| Untracked 
|  71|0x00000000c5900000, 0x00000000c5900000, 0x00000000c5a00000|  0%| F|  |TAMS 0x00000000c5900000, 0x00000000c5900000| Untracked 
|  72|0x00000000c5a00000, 0x00000000c5a00000, 0x00000000c5b00000|  0%| F|  |TAMS 0x00000000c5a00000, 0x00000000c5a00000| Untracked 
|  73|0x00000000c5b00000, 0x00000000c5b00000, 0x00000000c5c00000|  0%| F|  |TAMS 0x00000000c5b00000, 0x00000000c5b00000| Untracked 
|  74|0x00000000c5c00000, 0x00000000c5c00000, 0x00000000c5d00000|  0%| F|  |TAMS 0x00000000c5c00000, 0x00000000c5c00000| Untracked 
|  75|0x00000000c5d00000, 0x00000000c5d00000, 0x00000000c5e00000|  0%| F|  |TAMS 0x00000000c5d00000, 0x00000000c5d00000| Untracked 
|  76|0x00000000c5e00000, 0x00000000c5e90f98, 0x00000000c5f00000| 56%| E|  |TAMS 0x00000000c5e00000, 0x00000000c5e00000| Complete 

Card table byte_map: [0x0000027afe540000,0x0000027afe740000] _byte_map_base: 0x0000027afdf37000

Marking Bits (Prev, Next): (CMBitMap*) 0x0000027af60476b8, (CMBitMap*) 0x0000027af60476f0
 Prev Bits: [0x0000027afe940000, 0x0000027aff8f8000)
 Next Bits: [0x0000027a8f000000, 0x0000027a8ffb8000)

Polling page: 0x0000027af57f0000

Metaspace:

Usage:
  Non-class:     30.59 MB capacity,    30.36 MB (>99%) used,   189.16 KB ( <1%) free+waste,    52.81 KB ( <1%) overhead. 
      Class:      4.28 MB capacity,     4.11 MB ( 96%) used,   153.08 KB (  3%) free+waste,    22.69 KB ( <1%) overhead. 
       Both:     34.88 MB capacity,    34.47 MB ( 99%) used,   342.23 KB ( <1%) free+waste,    75.50 KB ( <1%) overhead. 

Virtual space:
  Non-class space:       32.00 MB reserved,      30.75 MB ( 96%) committed 
      Class space:        1.00 GB reserved,       4.38 MB ( <1%) committed 
             Both:        1.03 GB reserved,      35.13 MB (  3%) committed 

Chunk freelists:
   Non-Class:  4.00 KB
       Class:  0 bytes
        Both:  4.00 KB

CodeHeap 'non-profiled nmethods': size=120064Kb used=951Kb max_used=951Kb free=119112Kb
 bounds [0x0000027a87ac0000, 0x0000027a87d30000, 0x0000027a8f000000]
CodeHeap 'profiled nmethods': size=120000Kb used=5045Kb max_used=5045Kb free=114954Kb
 bounds [0x0000027a80590000, 0x0000027a80a80000, 0x0000027a87ac0000]
CodeHeap 'non-nmethods': size=5696Kb used=1194Kb max_used=1207Kb free=4501Kb
 bounds [0x0000027a80000000, 0x0000027a80270000, 0x0000027a80590000]
 total_blobs=3466 nmethods=2345 adapters=469
 compilation: enabled
              stopped_count=0, restarted_count=0
 full_count=0

Compilation events (10 events):
Event: 6.970 Thread 0x0000027a927f8800 nmethod 2335 0x0000027a80a66c90 code [0x0000027a80a66f60, 0x0000027a80a67cc0]
Event: 6.970 Thread 0x0000027a927f8800 2347       1       java.lang.StringCoding$Result::with (12 bytes)
Event: 6.970 Thread 0x0000027a927f8800 nmethod 2347 0x0000027a87bace90 code [0x0000027a87bad040, 0x0000027a87bad1b8]
Event: 6.970 Thread 0x0000027a927f8800 2339       3       com.mysql.cj.protocol.a.result.ByteArrayRow::getValue (30 bytes)
Event: 6.970 Thread 0x0000027a927f8800 nmethod 2339 0x0000027a80a68210 code [0x0000027a80a683e0, 0x0000027a80a68690]
Event: 6.971 Thread 0x0000027a927f8800 2340       3       com.mysql.cj.protocol.result.AbstractResultsetRow::getValueFromBytes (46 bytes)
Event: 6.971 Thread 0x0000027a927f8800 nmethod 2340 0x0000027a80a68790 code [0x0000027a80a68980, 0x0000027a80a68d80]
Event: 6.971 Thread 0x0000027a927f8800 2341       3       com.mysql.cj.protocol.a.result.ByteArrayRow::getNull (23 bytes)
Event: 6.972 Thread 0x0000027a927f8800 nmethod 2341 0x0000027a80a68f10 code [0x0000027a80a690c0, 0x0000027a80a692b8]
Event: 6.972 Thread 0x0000027a927f8800 2342       3       com.mysql.cj.protocol.result.AbstractResultsetRow::decodeAndCreateReturnValue (1041 bytes)

GC Heap History (10 events):
Event: 2.442 GC heap after
{Heap after GC invocations=1 (full 0):
 garbage-first heap   total 65536K, used 6394K [0x00000000c1200000, 0x0000000100000000)
  region size 1024K, 2 young (2048K), 2 survivors (2048K)
 Metaspace       used 12211K, capacity 12403K, committed 12544K, reserved 1060864K
  class space    used 1146K, capacity 1222K, committed 1280K, reserved 1048576K
}
Event: 2.933 GC heap before
{Heap before GC invocations=1 (full 0):
 garbage-first heap   total 65536K, used 13562K [0x00000000c1200000, 0x0000000100000000)
  region size 1024K, 9 young (9216K), 2 survivors (2048K)
 Metaspace       used 13590K, capacity 13794K, committed 13952K, reserved 1062912K
  class space    used 1292K, capacity 1388K, committed 1408K, reserved 1048576K
}
Event: 2.946 GC heap after
{Heap after GC invocations=2 (full 0):
 garbage-first heap   total 65536K, used 7545K [0x00000000c1200000, 0x0000000100000000)
  region size 1024K, 2 young (2048K), 2 survivors (2048K)
 Metaspace       used 13590K, capacity 13794K, committed 13952K, reserved 1062912K
  class space    used 1292K, capacity 1388K, committed 1408K, reserved 1048576K
}
Event: 3.828 GC heap before
{Heap before GC invocations=2 (full 0):
 garbage-first heap   total 65536K, used 29049K [0x00000000c1200000, 0x0000000100000000)
  region size 1024K, 24 young (24576K), 2 survivors (2048K)
 Metaspace       used 16669K, capacity 16942K, committed 17280K, reserved 1064960K
  class space    used 1704K, capacity 1798K, committed 1920K, reserved 1048576K
}
Event: 3.839 GC heap after
{Heap after GC invocations=3 (full 0):
 garbage-first heap   total 65536K, used 8647K [0x00000000c1200000, 0x0000000100000000)
  region size 1024K, 3 young (3072K), 3 survivors (3072K)
 Metaspace       used 16669K, capacity 16942K, committed 17280K, reserved 1064960K
  class space    used 1704K, capacity 1798K, committed 1920K, reserved 1048576K
}
Event: 4.121 GC heap before
{Heap before GC invocations=3 (full 0):
 garbage-first heap   total 65536K, used 35271K [0x00000000c1200000, 0x0000000100000000)
  region size 1024K, 30 young (30720K), 3 survivors (3072K)
 Metaspace       used 18489K, capacity 18724K, committed 19072K, reserved 1067008K
  class space    used 1980K, capacity 2075K, committed 2176K, reserved 1048576K
}
Event: 4.133 GC heap after
{Heap after GC invocations=4 (full 0):
 garbage-first heap   total 65536K, used 8970K [0x00000000c1200000, 0x0000000100000000)
  region size 1024K, 2 young (2048K), 2 survivors (2048K)
 Metaspace       used 18489K, capacity 18724K, committed 19072K, reserved 1067008K
  class space    used 1980K, capacity 2075K, committed 2176K, reserved 1048576K
}
Event: 4.623 GC heap before
{Heap before GC invocations=4 (full 0):
 garbage-first heap   total 65536K, used 16138K [0x00000000c1200000, 0x0000000100000000)
  region size 1024K, 10 young (10240K), 2 survivors (2048K)
 Metaspace       used 20986K, capacity 21207K, committed 21296K, reserved 1069056K
  class space    used 2344K, capacity 2432K, committed 2432K, reserved 1048576K
}
Event: 4.633 GC heap after
{Heap after GC invocations=5 (full 0):
 garbage-first heap   total 78848K, used 9529K [0x00000000c1200000, 0x0000000100000000)
  region size 1024K, 2 young (2048K), 2 survivors (2048K)
 Metaspace       used 20986K, capacity 21207K, committed 21296K, reserved 1069056K
  class space    used 2344K, capacity 2432K, committed 2432K, reserved 1048576K
}
Event: 6.974 GC heap before
{Heap before GC invocations=6 (full 0):
 garbage-first heap   total 78848K, used 46393K [0x00000000c1200000, 0x0000000100000000)
  region size 1024K, 38 young (38912K), 2 survivors (2048K)
 Metaspace       used 35202K, capacity 35582K, committed 35840K, reserved 1081344K
  class space    used 4192K, capacity 4320K, committed 4352K, reserved 1048576K
}

Deoptimization events (10 events):
Event: 6.647 Thread 0x0000027af6017800 Uncommon trap: reason=unstable_if action=reinterpret pc=0x0000027a87b945e4 method=java.util.HashMap.putVal(ILjava/lang/Object;Ljava/lang/Object;ZZ)Ljava/lang/Object; @ 162 c2
Event: 6.690 Thread 0x0000027af6017800 Uncommon trap: reason=predicate action=maybe_recompile pc=0x0000027a87b99e98 method=java.util.regex.Pattern$SliceI.match(Ljava/util/regex/Matcher;ILjava/lang/CharSequence;)Z @ 18 c2
Event: 6.711 Thread 0x0000027af6017800 Uncommon trap: reason=class_check action=maybe_recompile pc=0x0000027a87b9d610 method=java.util.regex.Pattern$SliceI.match(Ljava/util/regex/Matcher;ILjava/lang/CharSequence;)Z @ 92 c2
Event: 6.711 Thread 0x0000027af6017800 Uncommon trap: reason=class_check action=maybe_recompile pc=0x0000027a87b9d610 method=java.util.regex.Pattern$SliceI.match(Ljava/util/regex/Matcher;ILjava/lang/CharSequence;)Z @ 92 c2
Event: 6.711 Thread 0x0000027af6017800 Uncommon trap: reason=class_check action=maybe_recompile pc=0x0000027a87b9d610 method=java.util.regex.Pattern$SliceI.match(Ljava/util/regex/Matcher;ILjava/lang/CharSequence;)Z @ 92 c2
Event: 6.711 Thread 0x0000027af6017800 Uncommon trap: reason=class_check action=maybe_recompile pc=0x0000027a87b9d610 method=java.util.regex.Pattern$SliceI.match(Ljava/util/regex/Matcher;ILjava/lang/CharSequence;)Z @ 92 c2
Event: 6.717 Thread 0x0000027af6017800 Uncommon trap: reason=unstable_if action=reinterpret pc=0x0000027a87b618b0 method=java.nio.Buffer.<init>(IIII)V @ 44 c2
Event: 6.781 Thread 0x0000027af6017800 Uncommon trap: reason=class_check action=maybe_recompile pc=0x0000027a87b216b4 method=java.io.FilterInputStream.read([BII)I @ 7 c2
Event: 6.782 Thread 0x0000027af6017800 Uncommon trap: reason=class_check action=maybe_recompile pc=0x0000027a87b216b4 method=java.io.FilterInputStream.read([BII)I @ 7 c2
Event: 6.928 Thread 0x0000027af6017800 Uncommon trap: reason=unstable_if action=reinterpret pc=0x0000027a87b2a6d4 method=java.util.LinkedHashMap.get(Ljava/lang/Object;)Ljava/lang/Object; @ 20 c2

Classes redefined (0 events):
No events

Internal exceptions (10 events):
Event: 5.167 Thread 0x0000027af6017800 Exception <a 'java/lang/ClassNotFoundException'{0x00000000c55bb928}: com/sun/org/apache/xerces/internal/impl/xpath/regex/spi/messageProvider> (0x00000000c55bb928) thrown at [t:/workspace/open/src/hotspot/share/classfile/systemDictionary.cpp, line 231]
Event: 5.376 Thread 0x0000027af6017800 Exception <a 'java/lang/NoSuchMethodError'{0x00000000c5110608}: java.lang.invoke.DirectMethodHandle$Holder.invokeStaticInit(Ljava/lang/Object;IIII)Ljava/lang/Object;> (0x00000000c5110608) thrown at [t:/workspace/open/src/hotspot/share/interpreter/linkReso
Event: 5.668 Thread 0x0000027af6017800 Exception <a 'java/lang/NoSuchMethodError'{0x00000000c51364c0}: java.lang.invoke.DirectMethodHandle$Holder.invokeStaticInit(Ljava/lang/Object;Ljava/lang/Object;IIII)Ljava/lang/Object;> (0x00000000c51364c0) thrown at [t:/workspace/open/src/hotspot/share/in
Event: 6.032 Thread 0x0000027af6017800 Exception <a 'java/lang/NoSuchMethodError'{0x00000000c4be4360}: java.lang.invoke.DirectMethodHandle$Holder.invokeVirtual(Ljava/lang/Object;Ljava/lang/Object;Ljava/lang/Object;)Ljava/lang/Object;> (0x00000000c4be4360) thrown at [t:/workspace/open/src/hotsp
Event: 6.504 Thread 0x0000027af6017800 Exception <a 'java/lang/NoSuchMethodError'{0x00000000c3f56eb0}: java.lang.invoke.DirectMethodHandle$Holder.invokeStaticInit(Ljava/lang/Object;Ljava/lang/Object;Ljava/lang/Object;Ljava/lang/Object;)I> (0x00000000c3f56eb0) thrown at [t:/workspace/open/src/h
Event: 6.505 Thread 0x0000027af6017800 Exception <a 'java/lang/IncompatibleClassChangeError'{0x00000000c3f5ff88}: Found class java.lang.Object, but interface was expected> (0x00000000c3f5ff88) thrown at [t:/workspace/open/src/hotspot/share/interpreter/linkResolver.cpp, line 838]
Event: 6.506 Thread 0x0000027af6017800 Exception <a 'java/lang/NoSuchMethodError'{0x00000000c3f633e0}: java.lang.invoke.DirectMethodHandle$Holder.invokeStaticInit(Ljava/lang/Object;Ljava/lang/Object;)V> (0x00000000c3f633e0) thrown at [t:/workspace/open/src/hotspot/share/interpreter/linkResolve
Event: 6.508 Thread 0x0000027af6017800 Exception <a 'java/lang/NoSuchMethodError'{0x00000000c3f68978}: java.lang.invoke.DirectMethodHandle$Holder.invokeStaticInit(Ljava/lang/Object;Ljava/lang/Object;)I> (0x00000000c3f68978) thrown at [t:/workspace/open/src/hotspot/share/interpreter/linkResolve
Event: 6.521 Thread 0x0000027af6017800 Exception <a 'sun/nio/fs/WindowsException'{0x00000000c3f91ae8}> (0x00000000c3f91ae8) thrown at [t:/workspace/open/src/hotspot/share/prims/jni.cpp, line 615]
Event: 6.825 Thread 0x0000027af6017800 Exception <a 'java/lang/NoSuchMethodError'{0x00000000c3b41468}: java.lang.invoke.DirectMethodHandle$Holder.invokeVirtual(Ljava/lang/Object;Ljava/lang/Object;)V> (0x00000000c3b41468) thrown at [t:/workspace/open/src/hotspot/share/interpreter/linkResolver.c

Events (10 events):
Event: 6.962 loading class org/hibernate/engine/jdbc/env/internal/QualifiedObjectNameFormatterStandardImpl$CatalogNameFormat done
Event: 6.971 loading class org/hibernate/engine/jdbc/env/internal/LobCreatorBuilderImpl
Event: 6.971 loading class org/hibernate/engine/jdbc/env/internal/LobCreatorBuilderImpl done
Event: 6.972 loading class org/hibernate/engine/jdbc/LobCreator
Event: 6.972 loading class org/hibernate/engine/jdbc/LobCreator done
Event: 6.973 loading class org/hibernate/internal/CoreMessageLogger_$logger_en_US
Event: 6.973 loading class org/hibernate/internal/CoreMessageLogger_$logger_en_US done
Event: 6.973 loading class org/hibernate/internal/CoreMessageLogger_$logger_en
Event: 6.973 loading class org/hibernate/internal/CoreMessageLogger_$logger_en done
Event: 6.974 Executing VM operation: G1CollectForAllocation


Dynamic libraries:
0x00007ff768160000 - 0x00007ff7681a7000 	C:\Program Files\Java\jdk-11.0.2\bin\java.exe
0x00007ffff4b60000 - 0x00007ffff4d41000 	C:\WINDOWS\SYSTEM32\ntdll.dll
0x00007ffff3420000 - 0x00007ffff34d1000 	C:\WINDOWS\System32\KERNEL32.DLL
0x00007ffff1120000 - 0x00007ffff1393000 	C:\WINDOWS\System32\KERNELBASE.dll
0x00007ffff2050000 - 0x00007ffff20f1000 	C:\WINDOWS\System32\ADVAPI32.dll
0x00007ffff34e0000 - 0x00007ffff357e000 	C:\WINDOWS\System32\msvcrt.dll
0x00007ffff3330000 - 0x00007ffff338b000 	C:\WINDOWS\System32\sechost.dll
0x00007ffff2cc0000 - 0x00007ffff2de4000 	C:\WINDOWS\System32\RPCRT4.dll
0x00007ffff30b0000 - 0x00007ffff3240000 	C:\WINDOWS\System32\USER32.dll
0x00007ffff1d10000 - 0x00007ffff1d30000 	C:\WINDOWS\System32\win32u.dll
0x00007ffff2e00000 - 0x00007ffff2e28000 	C:\WINDOWS\System32\GDI32.dll
0x00007ffff1dd0000 - 0x00007ffff1f61000 	C:\WINDOWS\System32\gdi32full.dll
0x00007ffff1d30000 - 0x00007ffff1dcf000 	C:\WINDOWS\System32\msvcp_win.dll
0x00007ffff14a0000 - 0x00007ffff1598000 	C:\WINDOWS\System32\ucrtbase.dll
0x00007fffe3aa0000 - 0x00007fffe3d09000 	C:\WINDOWS\WinSxS\amd64_microsoft.windows.common-controls_6595b64144ccf1df_6.0.17134.885_none_fb42a3473065565f\COMCTL32.dll
0x00007ffff2820000 - 0x00007ffff2b42000 	C:\WINDOWS\System32\combase.dll
0x00007fffe11f0000 - 0x00007fffe11fa000 	C:\WINDOWS\SYSTEM32\VERSION.dll
0x00007ffff1f70000 - 0x00007ffff1fe9000 	C:\WINDOWS\System32\bcryptPrimitives.dll
0x00007ffff2fb0000 - 0x00007ffff2fdd000 	C:\WINDOWS\System32\IMM32.DLL
0x00007fffd8c80000 - 0x00007fffd8c96000 	C:\Program Files\Java\jdk-11.0.2\bin\vcruntime140.dll
0x00007fffc66f0000 - 0x00007fffc679a000 	C:\Program Files\Java\jdk-11.0.2\bin\msvcp140.dll
0x00007fffac060000 - 0x00007fffacb87000 	C:\Program Files\Java\jdk-11.0.2\bin\server\jvm.dll
0x00007ffff2b50000 - 0x00007ffff2b58000 	C:\WINDOWS\System32\PSAPI.DLL
0x00007fffec7d0000 - 0x00007fffec7d9000 	C:\WINDOWS\SYSTEM32\WSOCK32.dll
0x00007fffeb630000 - 0x00007fffeb653000 	C:\WINDOWS\SYSTEM32\WINMM.dll
0x00007ffff3390000 - 0x00007ffff33fc000 	C:\WINDOWS\System32\WS2_32.dll
0x00007fffeb600000 - 0x00007fffeb62a000 	C:\WINDOWS\SYSTEM32\WINMMBASE.dll
0x00007ffff13a0000 - 0x00007ffff13e9000 	C:\WINDOWS\System32\cfgmgr32.dll
0x00007ffff0f10000 - 0x00007ffff0f21000 	C:\WINDOWS\System32\kernel.appcore.dll
0x00007fffd8c60000 - 0x00007fffd8c71000 	C:\Program Files\Java\jdk-11.0.2\bin\verify.dll
0x00007fffec5b0000 - 0x00007fffec779000 	C:\WINDOWS\SYSTEM32\DBGHELP.DLL
0x00007fffddce0000 - 0x00007fffddd09000 	C:\WINDOWS\SYSTEM32\dbgcore.DLL
0x00007fffd8c30000 - 0x00007fffd8c59000 	C:\Program Files\Java\jdk-11.0.2\bin\java.dll
0x00007fffd13a0000 - 0x00007fffd13cf000 	C:\Program Files\Java\jdk-11.0.2\bin\instrument.dll
0x00007fffd8c10000 - 0x00007fffd8c26000 	C:\Program Files\Java\jdk-11.0.2\bin\zip.dll
0x00007fffebac0000 - 0x00007fffebaca000 	C:\Program Files\Java\jdk-11.0.2\bin\jimage.dll
0x00007ffff3650000 - 0x00007ffff4a90000 	C:\WINDOWS\System32\SHELL32.dll
0x00007ffff2770000 - 0x00007ffff2819000 	C:\WINDOWS\System32\shcore.dll
0x00007ffff1600000 - 0x00007ffff1d0d000 	C:\WINDOWS\System32\windows.storage.dll
0x00007ffff1ff0000 - 0x00007ffff2041000 	C:\WINDOWS\System32\shlwapi.dll
0x00007ffff0ef0000 - 0x00007ffff0f0f000 	C:\WINDOWS\System32\profapi.dll
0x00007ffff0ea0000 - 0x00007ffff0eec000 	C:\WINDOWS\System32\powrprof.dll
0x00007ffff0e90000 - 0x00007ffff0e9a000 	C:\WINDOWS\System32\FLTLIB.DLL
0x00007fffd49e0000 - 0x00007fffd49f9000 	C:\Program Files\Java\jdk-11.0.2\bin\net.dll
0x00007fffed260000 - 0x00007fffed33d000 	C:\WINDOWS\SYSTEM32\WINHTTP.dll
0x00007fffe5380000 - 0x00007fffe5549000 	C:\WINDOWS\SYSTEM32\urlmon.dll
0x00007fffe5720000 - 0x00007fffe59c6000 	C:\WINDOWS\SYSTEM32\iertutil.dll
0x00007ffff08c0000 - 0x00007ffff08cb000 	C:\WINDOWS\SYSTEM32\CRYPTBASE.DLL
0x00007ffff06f0000 - 0x00007ffff0756000 	C:\WINDOWS\system32\mswsock.dll
0x00007fffd46a0000 - 0x00007fffd46b3000 	C:\Program Files\Java\jdk-11.0.2\bin\nio.dll
0x00007fffeba50000 - 0x00007fffeba6a000 	D:\New folder\IntelliJ IDEA Community Edition 2018.3.5\bin\breakgen64.dll
0x00007ffff08a0000 - 0x00007ffff08b7000 	C:\WINDOWS\SYSTEM32\CRYPTSP.dll
0x00007ffff02e0000 - 0x00007ffff0313000 	C:\WINDOWS\system32\rsaenh.dll
0x00007ffff09d0000 - 0x00007ffff09f5000 	C:\WINDOWS\SYSTEM32\bcrypt.dll
0x00007ffff0d70000 - 0x00007ffff0d98000 	C:\WINDOWS\SYSTEM32\USERENV.dll
0x00007ffff0480000 - 0x00007ffff04b8000 	C:\WINDOWS\SYSTEM32\IPHLPAPI.DLL
0x00007ffff30a0000 - 0x00007ffff30a8000 	C:\WINDOWS\System32\NSI.dll
0x00007fffe5550000 - 0x00007fffe5566000 	C:\WINDOWS\SYSTEM32\dhcpcsvc6.DLL
0x00007fffe7660000 - 0x00007fffe767a000 	C:\WINDOWS\SYSTEM32\dhcpcsvc.DLL
0x00007ffff04c0000 - 0x00007ffff057e000 	C:\WINDOWS\SYSTEM32\DNSAPI.dll
0x00007fffe1200000 - 0x00007fffe120a000 	C:\Windows\System32\rasadhlp.dll
0x00007fffe2ec0000 - 0x00007fffe2f32000 	C:\WINDOWS\System32\fwpuclnt.dll
0x00007fffe4850000 - 0x00007fffe485d000 	C:\Program Files\Java\jdk-11.0.2\bin\sunmscapi.dll
0x00007ffff0f30000 - 0x00007ffff1112000 	C:\WINDOWS\System32\CRYPT32.dll
0x00007ffff0e70000 - 0x00007ffff0e82000 	C:\WINDOWS\System32\MSASN1.dll
0x00007ffff09a0000 - 0x00007ffff09c6000 	C:\WINDOWS\SYSTEM32\ncrypt.dll
0x00007ffff0960000 - 0x00007ffff0996000 	C:\WINDOWS\SYSTEM32\NTASN1.dll
0x00007fffca5f0000 - 0x00007fffca617000 	C:\Program Files\Java\jdk-11.0.2\bin\sunec.dll

dbghelp: loaded successfully - version: 4.0.5 - missing functions: none
symbol engine: initialized successfully - sym options: 0x614 - pdb path: .;C:\Program Files\Java\jdk-11.0.2\bin;C:\WINDOWS\SYSTEM32;C:\WINDOWS\WinSxS\amd64_microsoft.windows.common-controls_6595b64144ccf1df_6.0.17134.885_none_fb42a3473065565f;C:\Program Files\Java\jdk-11.0.2\bin\server;D:\New folder\IntelliJ IDEA Community Edition 2018.3.5\bin

VM Arguments:
jvm_args: -javaagent:D:\New folder\IntelliJ IDEA Community Edition 2018.3.5\lib\idea_rt.jar=50991:D:\New folder\IntelliJ IDEA Community Edition 2018.3.5\bin -Dfile.encoding=UTF-8 
java_command: main
java_class_path (initial): D:\SDA Cursuri\PROIECTE\ExcelWrapper\target\classes;C:\Users\HP\.m2\repository\mysql\mysql-connector-java\8.0.15\mysql-connector-java-8.0.15.jar;C:\Users\HP\.m2\repository\com\google\protobuf\protobuf-java\3.6.1\protobuf-java-3.6.1.jar;C:\Users\HP\.m2\repository\org\hibernate\hibernate-core\5.4.1.Final\hibernate-core-5.4.1.Final.jar;C:\Users\HP\.m2\repository\org\jboss\logging\jboss-logging\3.3.2.Final\jboss-logging-3.3.2.Final.jar;C:\Users\HP\.m2\repository\javax\persistence\javax.persistence-api\2.2\javax.persistence-api-2.2.jar;C:\Users\HP\.m2\repository\org\javassist\javassist\3.24.0-GA\javassist-3.24.0-GA.jar;C:\Users\HP\.m2\repository\net\bytebuddy\byte-buddy\1.9.5\byte-buddy-1.9.5.jar;C:\Users\HP\.m2\repository\antlr\antlr\2.7.7\antlr-2.7.7.jar;C:\Users\HP\.m2\repository\org\jboss\spec\javax\transaction\jboss-transaction-api_1.2_spec\1.1.1.Final\jboss-transaction-api_1.2_spec-1.1.1.Final.jar;C:\Users\HP\.m2\repository\org\jboss\jandex\2.0.5.Final\jandex-2.0.5.Final.jar;C:\Users\HP\.m2\repository\com\fasterxml\classmate\1.3.4\classmate-1.3.4.jar;C:\Users\HP\.m2\repository\javax\activation\javax.activation-api\1.2.0\javax.activation-api-1.2.0.jar;C:\Users\HP\.m2\repository\org\dom4j\dom4j\2.1.1\dom4j-2.1.1.jar;C:\Users\HP\.m2\repository\org\hibernate\common\hibernate-commons-annotations\5.1.0.Final\hibernate-commons-annotations-5.1.0.Final.jar;C:\Users\HP\.m2\repository\javax\xml\bind\jaxb-api\2.3.1\jaxb-api-2.3.1.jar;C:\Users\HP\.m2\repository\org\glassfish\jaxb\jaxb-runtime\2.3.1\jaxb-runtime-2.3.1.jar;C:\Users\HP\.m2\repository\org\glassfish\jaxb\txw2\2.3.1\txw2-2.3.1.jar;C:\Users\HP\.m2\repository\com\sun\istack\istack-commons-runtime\3.0.7\istack-commons-runtime-3.0.7.jar;C:\Users\HP\.m2\repository\org\jvnet\staxex\stax-ex\1.8\stax-ex-1.8.jar;C:\Users\HP\.m2\repository\com\sun\xml\fastinfoset\FastInfoset\1.2.15\FastInfoset-1.2.15.jar;C:\Users\HP\.m2\repository\org\apache\poi\poi\3.17\poi-3.17.jar;C:\Users\HP\.m2\repository\comm
Launcher Type: SUN_STANDARD

[Global flags]
     intx CICompilerCount                          = 3                                         {product} {ergonomic}
     uint ConcGCThreads                            = 1                                         {product} {ergonomic}
     uint G1ConcRefinementThreads                  = 4                                         {product} {ergonomic}
   size_t G1HeapRegionSize                         = 1048576                                   {product} {ergonomic}
    uintx GCDrainStackTargetSize                   = 64                                        {product} {ergonomic}
   size_t InitialHeapSize                          = 67108864                                  {product} {ergonomic}
   size_t MarkStackSize                            = 4194304                                   {product} {ergonomic}
   size_t MaxHeapSize                              = 1054867456                                {product} {ergonomic}
   size_t MaxNewSize                               = 632291328                                 {product} {ergonomic}
   size_t MinHeapDeltaBytes                        = 1048576                                   {product} {ergonomic}
    uintx NonNMethodCodeHeapSize                   = 5830092                                {pd product} {ergonomic}
    uintx NonProfiledCodeHeapSize                  = 122914074                              {pd product} {ergonomic}
    uintx ProfiledCodeHeapSize                     = 122914074                              {pd product} {ergonomic}
    uintx ReservedCodeCacheSize                    = 251658240                              {pd product} {ergonomic}
     bool SegmentedCodeCache                       = true                                      {product} {ergonomic}
     bool UseCompressedClassPointers               = true                                 {lp64_product} {ergonomic}
     bool UseCompressedOops                        = true                                 {lp64_product} {ergonomic}
     bool UseG1GC                                  = true                                      {product} {ergonomic}
     bool UseLargePagesIndividualAllocation        = false                                  {pd product} {ergonomic}

Logging:
Log output configuration:
 #0: stdout all=warning uptime,level,tags
 #1: stderr all=off uptime,level,tags

Environment Variables:
PATH=C:\ProgramData\Oracle\Java\javapath;C:\Program Files (x86)\Intel\iCLS Client\;C:\Program Files\Intel\iCLS Client\;C:\Program Files\Broadcom\Broadcom 802.11;C:\WINDOWS\system32;C:\WINDOWS;C:\WINDOWS\System32\Wbem;C:\WINDOWS\System32\WindowsPowerShell\v1.0\;C:\Program Files (x86)\ATI Technologies\ATI.ACE\Core-Static;C:\Program Files (x86)\Intel\Intel(R) Management Engine Components\DAL;C:\Program Files\Intel\Intel(R) Management Engine Components\DAL;C:\Program Files (x86)\Intel\Intel(R) Management Engine Components\IPT;C:\Program Files\Intel\Intel(R) Management Engine Components\IPT;C:\Program Files (x86)\Microsoft SQL Server\Client SDK\ODBC\130\Tools\Binn\;C:\Program Files (x86)\Microsoft SQL Server\130\Tools\Binn\;C:\Program Files (x86)\Microsoft SQL Server\130\DTS\Binn\;C:\Program Files (x86)\Microsoft SQL Server\130\Tools\Binn\ManagementStudio\;C:\Program Files\Microsoft\Web Platform Installer\;C:\Program Files (x86)\Windows Kits\10\Windows Performance Toolkit\;C:\Program Files\dotnet\;C:\Program Files (x86)\Skype\Phone\;C:\WINDOWS\System32\OpenSSH\;C:\Program Files\Git\cmd;C:\Program Files\MySQL\MySQL Shell 8.0\bin\
USERNAME=HP
OS=Windows_NT
PROCESSOR_IDENTIFIER=Intel64 Family 6 Model 69 Stepping 1, GenuineIntel



---------------  S Y S T E M  ---------------

OS: Windows 10 , 64 bit Build 17134 (10.0.17134.753)

CPU:total 4 (initial active 4) (2 cores per cpu, 2 threads per core) family 6 model 69 stepping 1, cmov, cx8, fxsr, mmx, sse, sse2, sse3, ssse3, sse4.1, sse4.2, popcnt, avx, avx2, aes, clmul, erms, lzcnt, ht, tsc, tscinvbit, bmi1, bmi2, fma

Memory: 4k page, system-wide physical 4022M (515M free)
TotalPageFile size 4022M (AvailPageFile size 5M)
current process WorkingSet (physical memory assigned to process): 143M, peak: 143M
current process commit charge ("private bytes"): 199M, peak: 199M

vm_info: Java HotSpot(TM) 64-Bit Server VM (11.0.2+9-LTS) for windows-amd64 JRE (11.0.2+9-LTS), built on Jan 18 2019 05:24:10 by "mach5one" with MS VC++ 15.5 (VS2017)

END.
